#
# There is insufficient memory for the Java Runtime Environment to continue.
# Native memory allocation (mmap) failed to map 21474836480 bytes for committing reserved memory.
# Possible reasons:
#   The system is out of physical RAM or swap space
#   In 32 bit mode, the process size limit was hit
# Possible solutions:
#   Reduce memory load on the system
#   Increase physical memory or swap space
#   Check if swap backing store is full
#   Use 64 bit Java on a 64 bit OS
#   Decrease Java heap size (-Xmx/-Xms)
#   Decrease number of Java threads
#   Decrease Java thread stack sizes (-Xss)
#   Set larger code cache with -XX:ReservedCodeCacheSize=
# This output file may be truncated or incomplete.
#
#  Out of Memory Error (os_linux.cpp:2640), pid=14647, tid=0x00007f596fc8f700
#
# JRE version:  (8.0_171-b11) (build )
# Java VM: Java HotSpot(TM) 64-Bit Server VM (25.171-b11 mixed mode linux-amd64 compressed oops)
# Failed to write core dump. Core dumps have been disabled. To enable core dumping, try "ulimit -c unlimited" before starting Java again
#

---------------  T H R E A D  ---------------

Current thread (0x00007f5968012800):  JavaThread "Unknown thread" [_thread_in_vm, id=14651, stack(0x00007f596fb8f000,0x00007f596fc90000)]

Stack: [0x00007f596fb8f000,0x00007f596fc90000],  sp=0x00007f596fc8e380,  free space=1020k
Native frames: (J=compiled Java code, j=interpreted, Vv=VM code, C=native code)
V  [libjvm.so+0xacfffa]  VMError::report_and_die()+0x2ba
V  [libjvm.so+0x5005cb]  report_vm_out_of_memory(char const*, int, unsigned long, VMErrorType, char const*)+0x8b
V  [libjvm.so+0x92dd93]  os::Linux::commit_memory_impl(char*, unsigned long, bool)+0x123
V  [libjvm.so+0x92dfb9]  os::pd_commit_memory(char*, unsigned long, unsigned long, bool)+0x29
V  [libjvm.so+0x92527a]  os::commit_memory(char*, unsigned long, unsigned long, bool)+0x2a
V  [libjvm.so+0x99b223]  PSVirtualSpace::expand_by(unsigned long)+0x53
V  [libjvm.so+0x98b337]  PSOldGen::initialize(ReservedSpace, unsigned long, char const*, int)+0xb7
V  [libjvm.so+0x2db31a]  AdjoiningGenerations::AdjoiningGenerations(ReservedSpace, GenerationSizer*, unsigned long)+0x39a
V  [libjvm.so+0x94f366]  ParallelScavengeHeap::initialize()+0x1d6
V  [libjvm.so+0xa98033]  Universe::initialize_heap()+0xf3
V  [libjvm.so+0xa9859e]  universe_init()+0x3e
V  [libjvm.so+0x642105]  init_globals()+0x65
V  [libjvm.so+0xa7cd4e]  Threads::create_vm(JavaVMInitArgs*, bool*)+0x23e
V  [libjvm.so+0x6d6e44]  JNI_CreateJavaVM+0x74
C  [libjli.so+0x797e]  JavaMain+0x9e
C  [libpthread.so.0+0x8184]  start_thread+0xc4


---------------  P R O C E S S  ---------------

Java Threads: ( => current thread )

Other Threads:

=>0x00007f5968012800 (exited) JavaThread "Unknown thread" [_thread_in_vm, id=14651, stack(0x00007f596fb8f000,0x00007f596fc90000)]

VM state:not at safepoint (not fully initialized)

VM Mutex/Monitor currently owned by a thread: None

GC Heap History (0 events):
No events

Deoptimization events (0 events):
No events

Classes redefined (0 events):
No events

Internal exceptions (0 events):
No events

Events (0 events):
No events


Dynamic libraries:
00400000-00401000 r-xp 00000000 08:03 1336171                            /usr/lib/jvm/java-8-oracle/bin/java
00600000-00601000 rw-p 00000000 08:03 1336171                            /usr/lib/jvm/java-8-oracle/bin/java
01090000-010b1000 rw-p 00000000 00:00 0                                  [heap]
580000000-800000000 rw-p 00000000 00:00 0 
7f59553ff000-7f5957bff000 ---p 00000000 00:00 0 
7f5957bff000-7f5959000000 rw-p 00000000 00:00 0 
7f5959000000-7f5959270000 rwxp 00000000 00:00 0 
7f5959270000-7f5968000000 ---p 00000000 00:00 0 
7f5968000000-7f596803b000 rw-p 00000000 00:00 0 
7f596803b000-7f596c000000 ---p 00000000 00:00 0 
7f596c6b7000-7f596c949000 rw-p 00000000 00:00 0 
7f596c949000-7f596ccff000 ---p 00000000 00:00 0 
7f596ccff000-7f596cd1a000 r-xp 00000000 08:03 1468222                    /usr/lib/jvm/java-8-oracle/jre/lib/amd64/libzip.so
7f596cd1a000-7f596cf1a000 ---p 0001b000 08:03 1468222                    /usr/lib/jvm/java-8-oracle/jre/lib/amd64/libzip.so
7f596cf1a000-7f596cf1b000 rw-p 0001b000 08:03 1468222                    /usr/lib/jvm/java-8-oracle/jre/lib/amd64/libzip.so
7f596cf1b000-7f596cf25000 r-xp 00000000 08:03 396539                     /lib/x86_64-linux-gnu/libnss_files-2.19.so
7f596cf25000-7f596d124000 ---p 0000a000 08:03 396539                     /lib/x86_64-linux-gnu/libnss_files-2.19.so
7f596d124000-7f596d125000 r--p 00009000 08:03 396539                     /lib/x86_64-linux-gnu/libnss_files-2.19.so
7f596d125000-7f596d126000 rw-p 0000a000 08:03 396539                     /lib/x86_64-linux-gnu/libnss_files-2.19.so
7f596d126000-7f596d131000 r-xp 00000000 08:03 397303                     /lib/x86_64-linux-gnu/libnss_nis-2.19.so
7f596d131000-7f596d330000 ---p 0000b000 08:03 397303                     /lib/x86_64-linux-gnu/libnss_nis-2.19.so
7f596d330000-7f596d331000 r--p 0000a000 08:03 397303                     /lib/x86_64-linux-gnu/libnss_nis-2.19.so
7f596d331000-7f596d332000 rw-p 0000b000 08:03 397303                     /lib/x86_64-linux-gnu/libnss_nis-2.19.so
7f596d332000-7f596d349000 r-xp 00000000 08:03 445031                     /lib/x86_64-linux-gnu/libnsl-2.19.so
7f596d349000-7f596d548000 ---p 00017000 08:03 445031                     /lib/x86_64-linux-gnu/libnsl-2.19.so
7f596d548000-7f596d549000 r--p 00016000 08:03 445031                     /lib/x86_64-linux-gnu/libnsl-2.19.so
7f596d549000-7f596d54a000 rw-p 00017000 08:03 445031                     /lib/x86_64-linux-gnu/libnsl-2.19.so
7f596d54a000-7f596d54c000 rw-p 00000000 00:00 0 
7f596d54c000-7f596d555000 r-xp 00000000 08:03 397305                     /lib/x86_64-linux-gnu/libnss_compat-2.19.so
7f596d555000-7f596d754000 ---p 00009000 08:03 397305                     /lib/x86_64-linux-gnu/libnss_compat-2.19.so
7f596d754000-7f596d755000 r--p 00008000 08:03 397305                     /lib/x86_64-linux-gnu/libnss_compat-2.19.so
7f596d755000-7f596d756000 rw-p 00009000 08:03 397305                     /lib/x86_64-linux-gnu/libnss_compat-2.19.so
7f596d756000-7f596d781000 r-xp 00000000 08:03 1449429                    /usr/lib/jvm/java-8-oracle/jre/lib/amd64/libjava.so
7f596d781000-7f596d980000 ---p 0002b000 08:03 1449429                    /usr/lib/jvm/java-8-oracle/jre/lib/amd64/libjava.so
7f596d980000-7f596d982000 rw-p 0002a000 08:03 1449429                    /usr/lib/jvm/java-8-oracle/jre/lib/amd64/libjava.so
7f596d982000-7f596d98f000 r-xp 00000000 08:03 1468201                    /usr/lib/jvm/java-8-oracle/jre/lib/amd64/libverify.so
7f596d98f000-7f596db8f000 ---p 0000d000 08:03 1468201                    /usr/lib/jvm/java-8-oracle/jre/lib/amd64/libverify.so
7f596db8f000-7f596db91000 rw-p 0000d000 08:03 1468201                    /usr/lib/jvm/java-8-oracle/jre/lib/amd64/libverify.so
7f596db91000-7f596db98000 r-xp 00000000 08:03 445029                     /lib/x86_64-linux-gnu/librt-2.19.so
7f596db98000-7f596dd97000 ---p 00007000 08:03 445029                     /lib/x86_64-linux-gnu/librt-2.19.so
7f596dd97000-7f596dd98000 r--p 00006000 08:03 445029                     /lib/x86_64-linux-gnu/librt-2.19.so
7f596dd98000-7f596dd99000 rw-p 00007000 08:03 445029                     /lib/x86_64-linux-gnu/librt-2.19.so
7f596dd99000-7f596de9e000 r-xp 00000000 08:03 397307                     /lib/x86_64-linux-gnu/libm-2.19.so
7f596de9e000-7f596e09d000 ---p 00105000 08:03 397307                     /lib/x86_64-linux-gnu/libm-2.19.so
7f596e09d000-7f596e09e000 r--p 00104000 08:03 397307                     /lib/x86_64-linux-gnu/libm-2.19.so
7f596e09e000-7f596e09f000 rw-p 00105000 08:03 397307                     /lib/x86_64-linux-gnu/libm-2.19.so
7f596e09f000-7f596ed78000 r-xp 00000000 08:03 1449419                    /usr/lib/jvm/java-8-oracle/jre/lib/amd64/server/libjvm.so
7f596ed78000-7f596ef77000 ---p 00cd9000 08:03 1449419                    /usr/lib/jvm/java-8-oracle/jre/lib/amd64/server/libjvm.so
7f596ef77000-7f596f051000 rw-p 00cd8000 08:03 1449419                    /usr/lib/jvm/java-8-oracle/jre/lib/amd64/server/libjvm.so
7f596f051000-7f596f09c000 rw-p 00000000 00:00 0 
7f596f09c000-7f596f25a000 r-xp 00000000 08:03 445036                     /lib/x86_64-linux-gnu/libc-2.19.so
7f596f25a000-7f596f45a000 ---p 001be000 08:03 445036                     /lib/x86_64-linux-gnu/libc-2.19.so
7f596f45a000-7f596f45e000 r--p 001be000 08:03 445036                     /lib/x86_64-linux-gnu/libc-2.19.so
7f596f45e000-7f596f460000 rw-p 001c2000 08:03 445036                     /lib/x86_64-linux-gnu/libc-2.19.so
7f596f460000-7f596f465000 rw-p 00000000 00:00 0 
7f596f465000-7f596f468000 r-xp 00000000 08:03 445032                     /lib/x86_64-linux-gnu/libdl-2.19.so
7f596f468000-7f596f667000 ---p 00003000 08:03 445032                     /lib/x86_64-linux-gnu/libdl-2.19.so
7f596f667000-7f596f668000 r--p 00002000 08:03 445032                     /lib/x86_64-linux-gnu/libdl-2.19.so
7f596f668000-7f596f669000 rw-p 00003000 08:03 445032                     /lib/x86_64-linux-gnu/libdl-2.19.so
7f596f669000-7f596f67f000 r-xp 00000000 08:03 1340725                    /usr/lib/jvm/java-8-oracle/lib/amd64/jli/libjli.so
7f596f67f000-7f596f87e000 ---p 00016000 08:03 1340725                    /usr/lib/jvm/java-8-oracle/lib/amd64/jli/libjli.so
7f596f87e000-7f596f87f000 rw-p 00015000 08:03 1340725                    /usr/lib/jvm/java-8-oracle/lib/amd64/jli/libjli.so
7f596f87f000-7f596f898000 r-xp 00000000 08:03 445028                     /lib/x86_64-linux-gnu/libpthread-2.19.so
7f596f898000-7f596fa97000 ---p 00019000 08:03 445028                     /lib/x86_64-linux-gnu/libpthread-2.19.so
7f596fa97000-7f596fa98000 r--p 00018000 08:03 445028                     /lib/x86_64-linux-gnu/libpthread-2.19.so
7f596fa98000-7f596fa99000 rw-p 00019000 08:03 445028                     /lib/x86_64-linux-gnu/libpthread-2.19.so
7f596fa99000-7f596fa9d000 rw-p 00000000 00:00 0 
7f596fa9d000-7f596fac0000 r-xp 00000000 08:03 445025                     /lib/x86_64-linux-gnu/ld-2.19.so
7f596fb8f000-7f596fb92000 ---p 00000000 00:00 0 
7f596fb92000-7f596fc94000 rw-p 00000000 00:00 0                          [stack:14651]
7f596fcb1000-7f596fcb4000 rw-p 00000000 00:00 0 
7f596fcb4000-7f596fcbc000 rw-s 00000000 08:03 926987                     /tmp/hsperfdata_jollion/14647
7f596fcbc000-7f596fcbd000 rw-p 00000000 00:00 0 
7f596fcbd000-7f596fcbe000 r--p 00000000 00:00 0 
7f596fcbe000-7f596fcbf000 rw-p 00000000 00:00 0 
7f596fcbf000-7f596fcc0000 r--p 00022000 08:03 445025                     /lib/x86_64-linux-gnu/ld-2.19.so
7f596fcc0000-7f596fcc1000 rw-p 00023000 08:03 445025                     /lib/x86_64-linux-gnu/ld-2.19.so
7f596fcc1000-7f596fcc2000 rw-p 00000000 00:00 0 
7fff0bcec000-7fff0bd11000 rw-p 00000000 00:00 0                          [stack]
7fff0bd32000-7fff0bd34000 r-xp 00000000 00:00 0                          [vdso]
ffffffffff600000-ffffffffff601000 r-xp 00000000 00:00 0                  [vsyscall]

VM Arguments:
jvm_args: -Xms30g 
java_command: boa.ui.GUI
java_class_path (initial): /home/jollion/Dev/boa/target/classes:/home/jollion/.m2/repository/net/sf/py4j/py4j/0.10.4/py4j-0.10.4.jar:/home/jollion/.m2/repository/com/googlecode/json-simple/json-simple/1.1.1/json-simple-1.1.1.jar:/home/jollion/.m2/repository/junit/junit/4.10/junit-4.10.jar:/home/jollion/.m2/repository/org/mapdb/mapdb/3.0.5/mapdb-3.0.5.jar:/home/jollion/.m2/repository/org/jetbrains/kotlin/kotlin-stdlib/1.0.7/kotlin-stdlib-1.0.7.jar:/home/jollion/.m2/repository/org/jetbrains/kotlin/kotlin-runtime/1.0.7/kotlin-runtime-1.0.7.jar:/home/jollion/.m2/repository/org/eclipse/collections/eclipse-collections-api/7.1.2/eclipse-collections-api-7.1.2.jar:/home/jollion/.m2/repository/net/jcip/jcip-annotations/1.0/jcip-annotations-1.0.jar:/home/jollion/.m2/repository/org/eclipse/collections/eclipse-collections/7.1.2/eclipse-collections-7.1.2.jar:/home/jollion/.m2/repository/org/eclipse/collections/eclipse-collections-forkjoin/7.1.2/eclipse-collections-forkjoin-7.1.2.jar:/home/jollion/.m2/repository/com/google/guava/guava/19.0/guava-19.0.jar:/home/jollion/.m2/repository/net/jpountz/lz4/lz4/1.3.0/lz4-1.3.0.jar:/home/jollion/.m2/repository/org/mapdb/elsa/3.0.0-M5/elsa-3.0.0-M5.jar:/home/jollion/.m2/repository/net/imagej/ij/1.52c/ij-1.52c.jar:/home/jollion/.m2/repository/net/imagej/imagej/2.0.0-rc-49/imagej-2.0.0-rc-49.jar:/home/jollion/.m2/repository/net/imagej/imagej-common/0.21.0/imagej-common-0.21.0.jar:/home/jollion/.m2/repository/net/imglib2/imglib2-roi/0.4.2/imglib2-roi-0.4.2.jar:/home/jollion/.m2/repository/net/sf/trove4j/trove4j/3.0.3/trove4j-3.0.3.jar:/home/jollion/.m2/repository/edu/ucar/udunits/4.3.18/udunits-4.3.18.jar:/home/jollion/.m2/repository/net/imagej/imagej-ops/0.30.0/imagej-ops-0.30.0.jar:/home/jollion/.m2/repository/net/imglib2/imglib2-algorithm-fft/0.1.2/imglib2-algorithm-fft-0.1.2.jar:/home/jollion/.m2/repository/org/scijava/scijava-expression-parser/3.0.1/scijava-expression-parser-3.0.1.jar:/home/jollion/.m2/repository/org/scijava/scripting-ja
Launcher Type: SUN_STANDARD

Environment Variables:
JAVA_HOME=/usr/lib/jvm/java-8-oracle
PATH=/usr/StorMan/pegasus/bin:/usr/StorMan/ssl/bin:/usr/local/sbin:/usr/local/bin:/usr/sbin:/usr/bin:/sbin:/bin:/usr/games:/usr/local/games
USERNAME=jollion
LD_LIBRARY_PATH=/usr/lib/jvm/java-8-oracle/jre/lib/amd64:/usr/lib/jvm/java-8-oracle/jre/lib/i386:
SHELL=/bin/bash
DISPLAY=:0.0

Signal Handlers:
SIGSEGV: [libjvm.so+0xad0890], sa_mask[0]=11111111011111111101111111111110, sa_flags=SA_RESTART|SA_SIGINFO
SIGBUS: [libjvm.so+0xad0890], sa_mask[0]=11111111011111111101111111111110, sa_flags=SA_RESTART|SA_SIGINFO
SIGFPE: [libjvm.so+0x928640], sa_mask[0]=11111111011111111101111111111110, sa_flags=SA_RESTART|SA_SIGINFO
SIGPIPE: [libjvm.so+0x928640], sa_mask[0]=11111111011111111101111111111110, sa_flags=SA_RESTART|SA_SIGINFO
SIGXFSZ: [libjvm.so+0x928640], sa_mask[0]=11111111011111111101111111111110, sa_flags=SA_RESTART|SA_SIGINFO
SIGILL: [libjvm.so+0x928640], sa_mask[0]=11111111011111111101111111111110, sa_flags=SA_RESTART|SA_SIGINFO
SIGUSR1: SIG_DFL, sa_mask[0]=00000000000000000000000000000000, sa_flags=none
SIGUSR2: [libjvm.so+0x929ea0], sa_mask[0]=00100000000000000000000000000000, sa_flags=SA_RESTART|SA_SIGINFO
SIGHUP: SIG_DFL, sa_mask[0]=00000000000000000000000000000000, sa_flags=none
SIGINT: SIG_IGN, sa_mask[0]=00000000000000000000000000000000, sa_flags=none
SIGTERM: SIG_DFL, sa_mask[0]=00000000000000000000000000000000, sa_flags=none
SIGQUIT: SIG_DFL, sa_mask[0]=00000000000000000000000000000000, sa_flags=none


---------------  S Y S T E M  ---------------

OS:DISTRIB_ID=LinuxMint
DISTRIB_RELEASE=17.1
DISTRIB_CODENAME=rebecca
DISTRIB_DESCRIPTION="Linux Mint 17.1 Rebecca"

uname:Linux 3.13.0-37-generic #64-Ubuntu SMP Mon Sep 22 21:28:38 UTC 2014 x86_64
libc:glibc 2.19 NPTL 2.19 
rlimit: STACK 8192k, CORE 0k, NPROC 253013, NOFILE 4096, AS infinity
load average:1.91 2.31 2.46

/proc/meminfo:
MemTotal:       32639700 kB
MemFree:         2246956 kB
Buffers:           49200 kB
Cached:          4959544 kB
SwapCached:       591464 kB
Active:         14508652 kB
Inactive:       15361904 kB
Active(anon):   12645536 kB
Inactive(anon): 12621452 kB
Active(file):    1863116 kB
Inactive(file):  2740452 kB
Unevictable:           0 kB
Mlocked:               0 kB
SwapTotal:      15625212 kB
SwapFree:       13511448 kB
Dirty:             10912 kB
Writeback:             0 kB
AnonPages:      24532224 kB
Mapped:           359156 kB
Shmem:            405008 kB
Slab:             206200 kB
SReclaimable:     160004 kB
SUnreclaim:        46196 kB
KernelStack:        7288 kB
PageTables:        88316 kB
NFS_Unstable:          0 kB
Bounce:                0 kB
WritebackTmp:          0 kB
CommitLimit:    31945060 kB
Committed_AS:   60092572 kB
VmallocTotal:   34359738367 kB
VmallocUsed:      406884 kB
VmallocChunk:   34359324508 kB
HardwareCorrupted:     0 kB
AnonHugePages:         0 kB
HugePages_Total:       0
HugePages_Free:        0
HugePages_Rsvd:        0
HugePages_Surp:        0
Hugepagesize:       2048 kB
DirectMap4k:       86048 kB
DirectMap2M:     3794944 kB
DirectMap1G:    29360128 kB


CPU:total 8 (initial active 8) (4 cores per cpu, 2 threads per core) family 6 model 60 stepping 3, cmov, cx8, fxsr, mmx, sse, sse2, sse3, ssse3, sse4.1, sse4.2, popcnt, avx, avx2, aes, clmul, erms, lzcnt, ht, tsc, tscinvbit, bmi1, bmi2

/proc/cpuinfo:
processor	: 0
vendor_id	: GenuineIntel
cpu family	: 6
model		: 60
model name	: Intel(R) Core(TM) i7-4790K CPU @ 4.00GHz
stepping	: 3
microcode	: 0x1c
cpu MHz		: 4001.000
cache size	: 8192 KB
physical id	: 0
siblings	: 8
core id		: 0
cpu cores	: 4
apicid		: 0
initial apicid	: 0
fpu		: yes
fpu_exception	: yes
cpuid level	: 13
wp		: yes
flags		: fpu vme de pse tsc msr pae mce cx8 apic sep mtrr pge mca cmov pat pse36 clflush dts acpi mmx fxsr sse sse2 ss ht tm pbe syscall nx pdpe1gb rdtscp lm constant_tsc arch_perfmon pebs bts rep_good nopl xtopology nonstop_tsc aperfmperf eagerfpu pni pclmulqdq dtes64 monitor ds_cpl vmx est tm2 ssse3 fma cx16 xtpr pdcm pcid sse4_1 sse4_2 x2apic movbe popcnt tsc_deadline_timer aes xsave avx f16c rdrand lahf_lm abm ida arat xsaveopt pln pts dtherm tpr_shadow vnmi flexpriority ept vpid fsgsbase tsc_adjust bmi1 avx2 smep bmi2 erms invpcid
bogomips	: 8000.70
clflush size	: 64
cache_alignment	: 64
address sizes	: 39 bits physical, 48 bits virtual
power management:

processor	: 1
vendor_id	: GenuineIntel
cpu family	: 6
model		: 60
model name	: Intel(R) Core(TM) i7-4790K CPU @ 4.00GHz
stepping	: 3
microcode	: 0x1c
cpu MHz		: 800.000
cache size	: 8192 KB
physical id	: 0
siblings	: 8
core id		: 1
cpu cores	: 4
apicid		: 2
initial apicid	: 2
fpu		: yes
fpu_exception	: yes
cpuid level	: 13
wp		: yes
flags		: fpu vme de pse tsc msr pae mce cx8 apic sep mtrr pge mca cmov pat pse36 clflush dts acpi mmx fxsr sse sse2 ss ht tm pbe syscall nx pdpe1gb rdtscp lm constant_tsc arch_perfmon pebs bts rep_good nopl xtopology nonstop_tsc aperfmperf eagerfpu pni pclmulqdq dtes64 monitor ds_cpl vmx est tm2 ssse3 fma cx16 xtpr pdcm pcid sse4_1 sse4_2 x2apic movbe popcnt tsc_deadline_timer aes xsave avx f16c rdrand lahf_lm abm ida arat xsaveopt pln pts dtherm tpr_shadow vnmi flexpriority ept vpid fsgsbase tsc_adjust bmi1 avx2 smep bmi2 erms invpcid
bogomips	: 8000.70
clflush size	: 64
cache_alignment	: 64
address sizes	: 39 bits physical, 48 bits virtual
power management:

processor	: 2
vendor_id	: GenuineIntel
cpu family	: 6
model		: 60
model name	: Intel(R) Core(TM) i7-4790K CPU @ 4.00GHz
stepping	: 3
microcode	: 0x1c
cpu MHz		: 800.000
cache size	: 8192 KB
physical id	: 0
siblings	: 8
core id		: 2
cpu cores	: 4
apicid		: 4
initial apicid	: 4
fpu		: yes
fpu_exception	: yes
cpuid level	: 13
wp		: yes
flags		: fpu vme de pse tsc msr pae mce cx8 apic sep mtrr pge mca cmov pat pse36 clflush dts acpi mmx fxsr sse sse2 ss ht tm pbe syscall nx pdpe1gb rdtscp lm constant_tsc arch_perfmon pebs bts rep_good nopl xtopology nonstop_tsc aperfmperf eagerfpu pni pclmulqdq dtes64 monitor ds_cpl vmx est tm2 ssse3 fma cx16 xtpr pdcm pcid sse4_1 sse4_2 x2apic movbe popcnt tsc_deadline_timer aes xsave avx f16c rdrand lahf_lm abm ida arat xsaveopt pln pts dtherm tpr_shadow vnmi flexpriority ept vpid fsgsbase tsc_adjust bmi1 avx2 smep bmi2 erms invpcid
bogomips	: 8000.70
clflush size	: 64
cache_alignment	: 64
address sizes	: 39 bits physical, 48 bits virtual
power management:

processor	: 3
vendor_id	: GenuineIntel
cpu family	: 6
model		: 60
model name	: Intel(R) Core(TM) i7-4790K CPU @ 4.00GHz
stepping	: 3
microcode	: 0x1c
cpu MHz		: 4001.000
cache size	: 8192 KB
physical id	: 0
siblings	: 8
core id		: 3
cpu cores	: 4
apicid		: 6
initial apicid	: 6
fpu		: yes
fpu_exception	: yes
cpuid level	: 13
wp		: yes
flags		: fpu vme de pse tsc msr pae mce cx8 apic sep mtrr pge mca cmov pat pse36 clflush dts acpi mmx fxsr sse sse2 ss ht tm pbe syscall nx pdpe1gb rdtscp lm constant_tsc arch_perfmon pebs bts rep_good nopl xtopology nonstop_tsc aperfmperf eagerfpu pni pclmulqdq dtes64 monitor ds_cpl vmx est tm2 ssse3 fma cx16 xtpr pdcm pcid sse4_1 sse4_2 x2apic movbe popcnt tsc_deadline_timer aes xsave avx f16c rdrand lahf_lm abm ida arat xsaveopt pln pts dtherm tpr_shadow vnmi flexpriority ept vpid fsgsbase tsc_adjust bmi1 avx2 smep bmi2 erms invpcid
bogomips	: 8000.70
clflush size	: 64
cache_alignment	: 64
address sizes	: 39 bits physical, 48 bits virtual
power management:

processor	: 4
vendor_id	: GenuineIntel
cpu family	: 6
model		: 60
model name	: Intel(R) Core(TM) i7-4790K CPU @ 4.00GHz
stepping	: 3
microcode	: 0x1c
cpu MHz		: 1700.000
cache size	: 8192 KB
physical id	: 0
siblings	: 8
core id		: 0
cpu cores	: 4
apicid		: 1
initial apicid	: 1
fpu		: yes
fpu_exception	: yes
cpuid level	: 13
wp		: yes
flags		: fpu vme de pse tsc msr pae mce cx8 apic sep mtrr pge mca cmov pat pse36 clflush dts acpi mmx fxsr sse sse2 ss ht tm pbe syscall nx pdpe1gb rdtscp lm constant_tsc arch_perfmon pebs bts rep_good nopl xtopology nonstop_tsc aperfmperf eagerfpu pni pclmulqdq dtes64 monitor ds_cpl vmx est tm2 ssse3 fma cx16 xtpr pdcm pcid sse4_1 sse4_2 x2apic movbe popcnt tsc_deadline_timer aes xsave avx f16c rdrand lahf_lm abm ida arat xsaveopt pln pts dtherm tpr_shadow vnmi flexpriority ept vpid fsgsbase tsc_adjust bmi1 avx2 smep bmi2 erms invpcid
bogomips	: 8000.70
clflush size	: 64
cache_alignment	: 64
address sizes	: 39 bits physical, 48 bits virtual
power management:

processor	: 5
vendor_id	: GenuineIntel
cpu family	: 6
model		: 60
model name	: Intel(R) Core(TM) i7-4790K CPU @ 4.00GHz
stepping	: 3
microcode	: 0x1c
cpu MHz		: 4001.000
cache size	: 8192 KB
physical id	: 0
siblings	: 8
core id		: 1
cpu cores	: 4
apicid		: 3
initial apicid	: 3
fpu		: yes
fpu_exception	: yes
cpuid level	: 13
wp		: yes
flags		: fpu vme de pse tsc msr pae mce cx8 apic sep mtrr pge mca cmov pat pse36 clflush dts acpi mmx fxsr sse sse2 ss ht tm pbe syscall nx pdpe1gb rdtscp lm constant_tsc arch_perfmon pebs bts rep_good nopl xtopology nonstop_tsc aperfmperf eagerfpu pni pclmulqdq dtes64 monitor ds_cpl vmx est tm2 ssse3 fma cx16 xtpr pdcm pcid sse4_1 sse4_2 x2apic movbe popcnt tsc_deadline_timer aes xsave avx f16c rdrand lahf_lm abm ida arat xsaveopt pln pts dtherm tpr_shadow vnmi flexpriority ept vpid fsgsbase tsc_adjust bmi1 avx2 smep bmi2 erms invpcid
bogomips	: 8000.70
clflush size	: 64
cache_alignment	: 64
address sizes	: 39 bits physical, 48 bits virtual
power management:

processor	: 6
vendor_id	: GenuineIntel
cpu family	: 6
model		: 60
model name	: Intel(R) Core(TM) i7-4790K CPU @ 4.00GHz
stepping	: 3
microcode	: 0x1c
cpu MHz		: 800.000
cache size	: 8192 KB
physical id	: 0
siblings	: 8
core id		: 2
cpu cores	: 4
apicid		: 5
initial apicid	: 5
fpu		: yes
fpu_exception	: yes
cpuid level	: 13
wp		: yes
flags		: fpu vme de pse tsc msr pae mce cx8 apic sep mtrr pge mca cmov pat pse36 clflush dts acpi mmx fxsr sse sse2 ss ht tm pbe syscall nx pdpe1gb rdtscp lm constant_tsc arch_perfmon pebs bts rep_good nopl xtopology nonstop_tsc aperfmperf eagerfpu pni pclmulqdq dtes64 monitor ds_cpl vmx est tm2 ssse3 fma cx16 xtpr pdcm pcid sse4_1 sse4_2 x2apic movbe popcnt tsc_deadline_timer aes xsave avx f16c rdrand lahf_lm abm ida arat xsaveopt pln pts dtherm tpr_shadow vnmi flexpriority ept vpid fsgsbase tsc_adjust bmi1 avx2 smep bmi2 erms invpcid
bogomips	: 8000.70
clflush size	: 64
cache_alignment	: 64
address sizes	: 39 bits physical, 48 bits virtual
power management:

processor	: 7
vendor_id	: GenuineIntel
cpu family	: 6
model		: 60
model name	: Intel(R) Core(TM) i7-4790K CPU @ 4.00GHz
stepping	: 3
microcode	: 0x1c
cpu MHz		: 1700.000
cache size	: 8192 KB
physical id	: 0
siblings	: 8
core id		: 3
cpu cores	: 4
apicid		: 7
initial apicid	: 7
fpu		: yes
fpu_exception	: yes
cpuid level	: 13
wp		: yes
flags		: fpu vme de pse tsc msr pae mce cx8 apic sep mtrr pge mca cmov pat pse36 clflush dts acpi mmx fxsr sse sse2 ss ht tm pbe syscall nx pdpe1gb rdtscp lm constant_tsc arch_perfmon pebs bts rep_good nopl xtopology nonstop_tsc aperfmperf eagerfpu pni pclmulqdq dtes64 monitor ds_cpl vmx est tm2 ssse3 fma cx16 xtpr pdcm pcid sse4_1 sse4_2 x2apic movbe popcnt tsc_deadline_timer aes xsave avx f16c rdrand lahf_lm abm ida arat xsaveopt pln pts dtherm tpr_shadow vnmi flexpriority ept vpid fsgsbase tsc_adjust bmi1 avx2 smep bmi2 erms invpcid
bogomips	: 8000.70
clflush size	: 64
cache_alignment	: 64
address sizes	: 39 bits physical, 48 bits virtual
power management:



Memory: 4k page, physical 32639700k(2246956k free), swap 15625212k(13511448k free)

vm_info: Java HotSpot(TM) 64-Bit Server VM (25.171-b11) for linux-amd64 JRE (1.8.0_171-b11), built on Mar 28 2018 17:07:08 by "java_re" with gcc 4.3.0 20080428 (Red Hat 4.3.0-8)

time: Thu Jul  5 17:19:50 2018
elapsed time: 0 seconds (0d 0h 0m 0s)

