#
# There is insufficient memory for the Java Runtime Environment to continue.
# Native memory allocation (mmap) failed to map 191365120 bytes for committing reserved memory.
# Possible reasons:
#   The system is out of physical RAM or swap space
#   In 32 bit mode, the process size limit was hit
# Possible solutions:
#   Reduce memory load on the system
#   Increase physical memory or swap space
#   Check if swap backing store is full
#   Use 64 bit Java on a 64 bit OS
#   Decrease Java heap size (-Xmx/-Xms)
#   Decrease number of Java threads
#   Decrease Java thread stack sizes (-Xss)
#   Set larger code cache with -XX:ReservedCodeCacheSize=
# This output file may be truncated or incomplete.
#
#  Out of Memory Error (os_linux.cpp:2627), pid=14867, tid=140473721014016
#
# JRE version: Java(TM) SE Runtime Environment (8.0_77-b03) (build 1.8.0_77-b03)
# Java VM: Java HotSpot(TM) 64-Bit Server VM (25.77-b03 mixed mode linux-amd64 compressed oops)
# Failed to write core dump. Core dumps have been disabled. To enable core dumping, try "ulimit -c unlimited" before starting Java again
#

---------------  T H R E A D  ---------------

Current thread (0x00007fc2c0083000):  VMThread [stack: 0x00007fc2962dc000,0x00007fc2963dd000] [id=14880]

Stack: [0x00007fc2962dc000,0x00007fc2963dd000],  sp=0x00007fc2963db140,  free space=1020k
Native frames: (J=compiled Java code, j=interpreted, Vv=VM code, C=native code)
V  [libjvm.so+0xaba7ea]  VMError::report_and_die()+0x2ba
V  [libjvm.so+0x4f9e3b]  report_vm_out_of_memory(char const*, int, unsigned long, VMErrorType, char const*)+0x8b
V  [libjvm.so+0x91b613]  os::Linux::commit_memory_impl(char*, unsigned long, bool)+0x103
V  [libjvm.so+0x91bb69]  os::pd_commit_memory(char*, unsigned long, unsigned long, bool)+0x29
V  [libjvm.so+0x915e6a]  os::commit_memory(char*, unsigned long, unsigned long, bool)+0x2a
V  [libjvm.so+0x989543]  PSVirtualSpace::expand_by(unsigned long)+0x53
V  [libjvm.so+0x98a948]  PSYoungGen::resize_generation(unsigned long, unsigned long)+0xf8
V  [libjvm.so+0x989aa2]  PSYoungGen::resize(unsigned long, unsigned long)+0x22
V  [libjvm.so+0x986d7b]  PSScavenge::invoke_no_policy()+0xf3b
V  [libjvm.so+0x982025]  PSParallelCompact::invoke(bool)+0x85
V  [libjvm.so+0x480fa4]  CollectedHeap::collect_as_vm_thread(GCCause::Cause)+0x114
V  [libjvm.so+0xabbc61]  VM_CollectForMetadataAllocation::doit()+0x161
V  [libjvm.so+0xac3c35]  VM_Operation::evaluate()+0x55
V  [libjvm.so+0xac200a]  VMThread::evaluate_operation(VM_Operation*)+0xba
V  [libjvm.so+0xac238e]  VMThread::loop()+0x1ce
V  [libjvm.so+0xac2800]  VMThread::run()+0x70
V  [libjvm.so+0x91d9d8]  java_start(Thread*)+0x108

VM_Operation (0x00007fc2c5fdaa80): CollectForMetadataAllocation, mode: safepoint, requested by thread 0x00007fc2c000d000


---------------  P R O C E S S  ---------------

Java Threads: ( => current thread )
  0x00007fc2c0cf4000 JavaThread "Thread-6" daemon [_thread_blocked, id=14921, stack(0x00007fc243cfd000,0x00007fc243dfe000)]
  0x00007fc2c0cf3800 JavaThread "Thread-5" daemon [_thread_blocked, id=14920, stack(0x00007fc243dfe000,0x00007fc243eff000)]
  0x00007fc2c0cf2800 JavaThread "cluster-ClusterId{value='583844ed6418b23a13ba4419', description='null'}-localhost:27017" daemon [_thread_blocked, id=14919, stack(0x00007fc243eff000,0x00007fc244000000)]
  0x00007fc2c07f9800 JavaThread "pool-7-thread-1" [_thread_blocked, id=14918, stack(0x00007fc2940dd000,0x00007fc2941de000)]
  0x00007fc2c0806800 JavaThread "Thread-3" daemon [_thread_blocked, id=14893, stack(0x00007fc2943de000,0x00007fc2944df000)]
  0x00007fc2c0801800 JavaThread "Thread-2" daemon [_thread_blocked, id=14892, stack(0x00007fc2944df000,0x00007fc2945e0000)]
  0x00007fc2c07f8000 JavaThread "cluster-ClusterId{value='583844e96418b23a13ba4418', description='null'}-localhost:27017" daemon [_thread_blocked, id=14891, stack(0x00007fc2945e0000,0x00007fc2946e1000)]
  0x00007fc2c07cd000 JavaThread "pool-2-thread-1" [_thread_blocked, id=14890, stack(0x00007fc294af2000,0x00007fc294bf3000)]
  0x00007fc2c00ce000 JavaThread "Service Thread" daemon [_thread_blocked, id=14888, stack(0x00007fc295806000,0x00007fc295907000)]
  0x00007fc2c00cb000 JavaThread "C1 CompilerThread3" daemon [_thread_blocked, id=14887, stack(0x00007fc295907000,0x00007fc295a08000)]
  0x00007fc2c00c8800 JavaThread "C2 CompilerThread2" daemon [_thread_blocked, id=14886, stack(0x00007fc295a08000,0x00007fc295b09000)]
  0x00007fc2c00c7000 JavaThread "C2 CompilerThread1" daemon [_thread_blocked, id=14885, stack(0x00007fc295b09000,0x00007fc295c0a000)]
  0x00007fc2c00c4000 JavaThread "C2 CompilerThread0" daemon [_thread_blocked, id=14884, stack(0x00007fc295c0a000,0x00007fc295d0b000)]
  0x00007fc2c00c2800 JavaThread "Signal Dispatcher" daemon [_thread_blocked, id=14883, stack(0x00007fc295d0b000,0x00007fc295e0c000)]
  0x00007fc2c008f000 JavaThread "Finalizer" daemon [_thread_blocked, id=14882, stack(0x00007fc2960da000,0x00007fc2961db000)]
  0x00007fc2c008a800 JavaThread "Reference Handler" daemon [_thread_blocked, id=14881, stack(0x00007fc2961db000,0x00007fc2962dc000)]
  0x00007fc2c000d000 JavaThread "main" [_thread_blocked, id=14871, stack(0x00007fc2c5edd000,0x00007fc2c5fde000)]

Other Threads:
=>0x00007fc2c0083000 VMThread [stack: 0x00007fc2962dc000,0x00007fc2963dd000] [id=14880]
  0x00007fc2c00d1000 WatcherThread [stack: 0x00007fc295705000,0x00007fc295806000] [id=14889]

VM state:at safepoint (normal execution)

VM Mutex/Monitor currently owned by a thread:  ([mutex/lock_event])
[0x00007fc2c00093c0] Threads_lock - owner thread: 0x00007fc2c0083000
[0x00007fc2c00098c0] Heap_lock - owner thread: 0x00007fc2c000d000

Heap:
 PSYoungGen      total 422912K, used 20979K [0x0000000719f80000, 0x0000000739480000, 0x00000007c0000000)
  eden space 401920K, 0% used [0x0000000719f80000,0x0000000719f80000,0x0000000732800000)
  from space 20992K, 99% used [0x0000000736b80000,0x0000000737ffcff8,0x0000000738000000)
  to   space 8704K, 0% used [0x0000000738c00000,0x0000000738c00000,0x0000000739480000)
 ParOldGen       total 278528K, used 40599K [0x00000005cde00000, 0x00000005dee00000, 0x0000000719f80000)
  object space 278528K, 14% used [0x00000005cde00000,0x00000005d05a5e38,0x00000005dee00000)
 Metaspace       used 40590K, capacity 56395K, committed 56508K, reserved 1097728K
  class space    used 5616K, capacity 8760K, committed 8872K, reserved 1048576K

Card table byte_map: [0x00007fc2aec14000,0x00007fc2afba6000] byte_map_base: 0x00007fc2abda5000

Marking Bits: (ParMarkBitMap*) 0x00007fc2c53bf100
 Begin Bits: [0x00007fc2786f0000, 0x00007fc280378000)
 End Bits:   [0x00007fc280378000, 0x00007fc288000000)

Polling page: 0x00007fc2c6006000

CodeCache: size=245760Kb used=7328Kb max_used=7349Kb free=238431Kb
 bounds [0x00007fc2aff66000, 0x00007fc2b06b6000, 0x00007fc2bef66000]
 total_blobs=2024 nmethods=1589 adapters=348
 compilation: enabled

Compilation events (10 events):
Event: 9,451 Thread 0x00007fc2c00cb000 1586       3       java.util.regex.Matcher::start (22 bytes)
Event: 9,462 Thread 0x00007fc2c00cb000 nmethod 1586 0x00007fc2b064b710 code [0x00007fc2b064b880, 0x00007fc2b064bae8]
Event: 9,679 Thread 0x00007fc2c00cb000 1587       3       com.mongodb.DBCursor::next (5 bytes)
Event: 9,680 Thread 0x00007fc2c00cb000 nmethod 1587 0x00007fc2b05e4810 code [0x00007fc2b05e49c0, 0x00007fc2b05e4d18]
Event: 9,680 Thread 0x00007fc2c00cb000 1588       3       com.mongodb.DBCursor::next (27 bytes)
Event: 9,681 Thread 0x00007fc2c00cb000 nmethod 1588 0x00007fc2b05e3fd0 code [0x00007fc2b05e4180, 0x00007fc2b05e4618]
Event: 9,688 Thread 0x00007fc2c00c4000 1589       4       java.util.concurrent.CopyOnWriteArrayList$COWIterator::<init> (7 bytes)
Event: 9,700 Thread 0x00007fc2c00c4000 nmethod 1589 0x00007fc2b0646490 code [0x00007fc2b06465e0, 0x00007fc2b0646658]
Event: 10,123 Thread 0x00007fc2c00c7000 1590       4       com.mongodb.DBCursor::next (5 bytes)
Event: 10,347 Thread 0x00007fc2c00c7000 nmethod 1590 0x00007fc2b061ec10 code [0x00007fc2b061ee80, 0x00007fc2b061f7e8]

GC Heap History (10 events):
Event: 7,307 GC heap after
Heap after GC invocations=3 (full 1):
 PSYoungGen      total 270336K, used 20960K [0x0000000719f80000, 0x000000072c380000, 0x00000007c0000000)
  eden space 249344K, 0% used [0x0000000719f80000,0x0000000719f80000,0x0000000729300000)
  from space 20992K, 99% used [0x000000072af00000,0x000000072c3780a0,0x000000072c380000)
  to   space 20992K, 0% used [0x0000000729a80000,0x0000000729a80000,0x000000072af00000)
 ParOldGen       total 146944K, used 26057K [0x00000005cde00000, 0x00000005d6d80000, 0x0000000719f80000)
  object space 146944K, 17% used [0x00000005cde00000,0x00000005cf772438,0x00000005d6d80000)
 Metaspace       used 26009K, capacity 33071K, committed 33408K, reserved 1077248K
  class space    used 3459K, capacity 4872K, committed 4992K, reserved 1048576K
}
Event: 7,363 GC heap before
{Heap before GC invocations=4 (full 1):
 PSYoungGen      total 270336K, used 36824K [0x0000000719f80000, 0x000000072c380000, 0x00000007c0000000)
  eden space 249344K, 6% used [0x0000000719f80000,0x000000071aefe2a0,0x0000000729300000)
  from space 20992K, 99% used [0x000000072af00000,0x000000072c3780a0,0x000000072c380000)
  to   space 20992K, 0% used [0x0000000729a80000,0x0000000729a80000,0x000000072af00000)
 ParOldGen       total 146944K, used 26057K [0x00000005cde00000, 0x00000005d6d80000, 0x0000000719f80000)
  object space 146944K, 17% used [0x00000005cde00000,0x00000005cf772438,0x00000005d6d80000)
 Metaspace       used 27513K, capacity 35479K, committed 35496K, reserved 1079296K
  class space    used 3682K, capacity 5274K, committed 5288K, reserved 1048576K
Event: 7,377 GC heap after
Heap after GC invocations=4 (full 1):
 PSYoungGen      total 278016K, used 20976K [0x0000000719f80000, 0x000000073a080000, 0x00000007c0000000)
  eden space 257024K, 0% used [0x0000000719f80000,0x0000000719f80000,0x0000000729a80000)
  from space 20992K, 99% used [0x0000000729a80000,0x000000072aefc0b0,0x000000072af00000)
  to   space 20992K, 0% used [0x0000000738c00000,0x0000000738c00000,0x000000073a080000)
 ParOldGen       total 146944K, used 26609K [0x00000005cde00000, 0x00000005d6d80000, 0x0000000719f80000)
  object space 146944K, 18% used [0x00000005cde00000,0x00000005cf7fc438,0x00000005d6d80000)
 Metaspace       used 27513K, capacity 35479K, committed 35496K, reserved 1079296K
  class space    used 3682K, capacity 5274K, committed 5288K, reserved 1048576K
}
Event: 7,382 GC heap before
{Heap before GC invocations=5 (full 2):
 PSYoungGen      total 278016K, used 20976K [0x0000000719f80000, 0x000000073a080000, 0x00000007c0000000)
  eden space 257024K, 0% used [0x0000000719f80000,0x0000000719f80000,0x0000000729a80000)
  from space 20992K, 99% used [0x0000000729a80000,0x000000072aefc0b0,0x000000072af00000)
  to   space 20992K, 0% used [0x0000000738c00000,0x0000000738c00000,0x000000073a080000)
 ParOldGen       total 146944K, used 26609K [0x00000005cde00000, 0x00000005d6d80000, 0x0000000719f80000)
  object space 146944K, 18% used [0x00000005cde00000,0x00000005cf7fc438,0x00000005d6d80000)
 Metaspace       used 27513K, capacity 35479K, committed 35496K, reserved 1079296K
  class space    used 3682K, capacity 5274K, committed 5288K, reserved 1048576K
Event: 7,995 GC heap after
Heap after GC invocations=5 (full 2):
 PSYoungGen      total 278016K, used 0K [0x0000000719f80000, 0x000000073a080000, 0x00000007c0000000)
  eden space 257024K, 0% used [0x0000000719f80000,0x0000000719f80000,0x0000000729a80000)
  from space 20992K, 0% used [0x0000000729a80000,0x0000000729a80000,0x000000072af00000)
  to   space 20992K, 0% used [0x0000000738c00000,0x0000000738c00000,0x000000073a080000)
 ParOldGen       total 231936K, used 34285K [0x00000005cde00000, 0x00000005dc080000, 0x0000000719f80000)
  object space 231936K, 14% used [0x00000005cde00000,0x00000005cff7b788,0x00000005dc080000)
 Metaspace       used 14561K, capacity 14755K, committed 31400K, reserved 1075200K
  class space    used 1766K, capacity 1820K, committed 5288K, reserved 1048576K
}
Event: 9,167 GC heap before
{Heap before GC invocations=6 (full 2):
 PSYoungGen      total 278016K, used 154387K [0x0000000719f80000, 0x000000073a080000, 0x00000007c0000000)
  eden space 257024K, 60% used [0x0000000719f80000,0x0000000723644e18,0x0000000729a80000)
  from space 20992K, 0% used [0x0000000729a80000,0x0000000729a80000,0x000000072af00000)
  to   space 20992K, 0% used [0x0000000738c00000,0x0000000738c00000,0x000000073a080000)
 ParOldGen       total 231936K, used 34285K [0x00000005cde00000, 0x00000005dc080000, 0x0000000719f80000)
  object space 231936K, 14% used [0x00000005cde00000,0x00000005cff7b788,0x00000005dc080000)
 Metaspace       used 38035K, capacity 52309K, committed 52336K, reserved 1093632K
  class space    used 5238K, capacity 8079K, committed 8104K, reserved 1048576K
Event: 9,190 GC heap after
Heap after GC invocations=6 (full 2):
 PSYoungGen      total 410624K, used 8356K [0x0000000719f80000, 0x0000000739480000, 0x00000007c0000000)
  eden space 401920K, 0% used [0x0000000719f80000,0x0000000719f80000,0x0000000732800000)
  from space 8704K, 96% used [0x0000000738c00000,0x0000000739429278,0x0000000739480000)
  to   space 20992K, 0% used [0x0000000736b80000,0x0000000736b80000,0x0000000738000000)
 ParOldGen       total 231936K, used 34285K [0x00000005cde00000, 0x00000005dc080000, 0x0000000719f80000)
  object space 231936K, 14% used [0x00000005cde00000,0x00000005cff7b788,0x00000005dc080000)
 Metaspace       used 38035K, capacity 52309K, committed 52336K, reserved 1093632K
  class space    used 5238K, capacity 8079K, committed 8104K, reserved 1048576K
}
Event: 9,192 GC heap before
{Heap before GC invocations=7 (full 3):
 PSYoungGen      total 410624K, used 8356K [0x0000000719f80000, 0x0000000739480000, 0x00000007c0000000)
  eden space 401920K, 0% used [0x0000000719f80000,0x0000000719f80000,0x0000000732800000)
  from space 8704K, 96% used [0x0000000738c00000,0x0000000739429278,0x0000000739480000)
  to   space 20992K, 0% used [0x0000000736b80000,0x0000000736b80000,0x0000000738000000)
 ParOldGen       total 231936K, used 34285K [0x00000005cde00000, 0x00000005dc080000, 0x0000000719f80000)
  object space 231936K, 14% used [0x00000005cde00000,0x00000005cff7b788,0x00000005dc080000)
 Metaspace       used 38035K, capacity 52309K, committed 52336K, reserved 1093632K
  class space    used 5238K, capacity 8079K, committed 8104K, reserved 1048576K
Event: 9,324 GC heap after
Heap after GC invocations=7 (full 3):
 PSYoungGen      total 410624K, used 0K [0x0000000719f80000, 0x0000000739480000, 0x00000007c0000000)
  eden space 401920K, 0% used [0x0000000719f80000,0x0000000719f80000,0x0000000732800000)
  from space 8704K, 0% used [0x0000000738c00000,0x0000000738c00000,0x0000000739480000)
  to   space 20992K, 0% used [0x0000000736b80000,0x0000000736b80000,0x0000000738000000)
 ParOldGen       total 278528K, used 35919K [0x00000005cde00000, 0x00000005dee00000, 0x0000000719f80000)
  object space 278528K, 12% used [0x00000005cde00000,0x00000005d0113e38,0x00000005dee00000)
 Metaspace       used 14564K, capacity 14755K, committed 33904K, reserved 1075200K
  class space    used 1766K, capacity 1820K, committed 8104K, reserved 1048576K
}
Event: 10,409 GC heap before
{Heap before GC invocations=8 (full 3):
 PSYoungGen      total 410624K, used 197119K [0x0000000719f80000, 0x0000000739480000, 0x00000007c0000000)
  eden space 401920K, 49% used [0x0000000719f80000,0x0000000725fffd50,0x0000000732800000)
  from space 8704K, 0% used [0x0000000738c00000,0x0000000738c00000,0x0000000739480000)
  to   space 20992K, 0% used [0x0000000736b80000,0x0000000736b80000,0x0000000738000000)
 ParOldGen       total 278528K, used 35919K [0x00000005cde00000, 0x00000005dee00000, 0x0000000719f80000)
  object space 278528K, 12% used [0x00000005cde00000,0x00000005d0113e38,0x00000005dee00000)
 Metaspace       used 40590K, capacity 56395K, committed 56508K, reserved 1097728K
  class space    used 5616K, capacity 8760K, committed 8872K, reserved 1048576K

Deoptimization events (10 events):
Event: 7,035 Thread 0x00007fc2c000d000 Uncommon trap: reason=null_check action=make_not_entrant pc=0x00007fc2b0508f38 method=java.lang.Class.isEnum()Z @ 1
Event: 7,235 Thread 0x00007fc2c000d000 Uncommon trap: reason=null_check action=make_not_entrant pc=0x00007fc2b05975b8 method=de.caluga.morphium.ObjectMapperImpl.unmarshall(Ljava/lang/Class;Lcom/mongodb/DBObject;)Ljava/lang/Object; @ 752
Event: 8,180 Thread 0x00007fc2c000d000 Uncommon trap: reason=null_check action=make_not_entrant pc=0x00007fc2b05ecc60 method=de.caluga.morphium.ObjectMapperImpl.unmarshall(Ljava/lang/Class;Lcom/mongodb/DBObject;)Ljava/lang/Object; @ 1326
Event: 8,429 Thread 0x00007fc2c000d000 Uncommon trap: reason=null_check action=make_not_entrant pc=0x00007fc2b060b6dc method=de.caluga.morphium.ObjectMapperImpl.unmarshall(Ljava/lang/Class;Lcom/mongodb/DBObject;)Ljava/lang/Object; @ 1358
Event: 8,556 Thread 0x00007fc2c000d000 Uncommon trap: reason=class_check action=maybe_recompile pc=0x00007fc2b0614cdc method=java.lang.reflect.Array.newInstance(Ljava/lang/Class;I)Ljava/lang/Object; @ 2
Event: 8,591 Thread 0x00007fc2c000d000 Uncommon trap: reason=class_check action=maybe_recompile pc=0x00007fc2b0614cdc method=java.lang.reflect.Array.newInstance(Ljava/lang/Class;I)Ljava/lang/Object; @ 2
Event: 8,661 Thread 0x00007fc2c000d000 Uncommon trap: reason=class_check action=maybe_recompile pc=0x00007fc2b0614cdc method=java.lang.reflect.Array.newInstance(Ljava/lang/Class;I)Ljava/lang/Object; @ 2
Event: 8,725 Thread 0x00007fc2c000d000 Uncommon trap: reason=class_check action=maybe_recompile pc=0x00007fc2b0614cdc method=java.lang.reflect.Array.newInstance(Ljava/lang/Class;I)Ljava/lang/Object; @ 2
Event: 8,810 Thread 0x00007fc2c000d000 Uncommon trap: reason=class_check action=maybe_recompile pc=0x00007fc2b063dc98 method=java.lang.reflect.Array.newInstance(Ljava/lang/Class;I)Ljava/lang/Object; @ 2
Event: 9,674 Thread 0x00007fc2c000d000 Uncommon trap: reason=unstable_if action=reinterpret pc=0x00007fc2b0649838 method=com.mongodb.MongoBatchCursorAdapter.next()Ljava/lang/Object; @ 19

Internal exceptions (10 events):
Event: 0,441 Thread 0x00007fc2c000d000 Exception <a 'java/security/PrivilegedActionException'> (0x000000071b58bbc0) thrown at [/HUDSON/workspace/8-2-build-linux-amd64/jdk8u77/6540/hotspot/src/share/vm/prims/jvm.cpp, line 1386]
Event: 0,441 Thread 0x00007fc2c000d000 Exception <a 'java/security/PrivilegedActionException'> (0x000000071b58bdd0) thrown at [/HUDSON/workspace/8-2-build-linux-amd64/jdk8u77/6540/hotspot/src/share/vm/prims/jvm.cpp, line 1386]
Event: 0,441 Thread 0x00007fc2c000d000 Exception <a 'java/security/PrivilegedActionException'> (0x000000071b592fa8) thrown at [/HUDSON/workspace/8-2-build-linux-amd64/jdk8u77/6540/hotspot/src/share/vm/prims/jvm.cpp, line 1386]
Event: 0,442 Thread 0x00007fc2c000d000 Exception <a 'java/security/PrivilegedActionException'> (0x000000071b5931b8) thrown at [/HUDSON/workspace/8-2-build-linux-amd64/jdk8u77/6540/hotspot/src/share/vm/prims/jvm.cpp, line 1386]
Event: 0,716 Thread 0x00007fc2c000d000 Exception <a 'java/lang/ArrayIndexOutOfBoundsException'> (0x000000071c092c50) thrown at [/HUDSON/workspace/8-2-build-linux-amd64/jdk8u77/6540/hotspot/src/share/vm/runtime/sharedRuntime.cpp, line 605]
Event: 0,716 Thread 0x00007fc2c000d000 Exception <a 'java/lang/ArrayIndexOutOfBoundsException'> (0x000000071c093ef8) thrown at [/HUDSON/workspace/8-2-build-linux-amd64/jdk8u77/6540/hotspot/src/share/vm/runtime/sharedRuntime.cpp, line 605]
Event: 0,717 Thread 0x00007fc2c000d000 Exception <a 'java/lang/ArrayIndexOutOfBoundsException'> (0x000000071c095500) thrown at [/HUDSON/workspace/8-2-build-linux-amd64/jdk8u77/6540/hotspot/src/share/vm/runtime/sharedRuntime.cpp, line 605]
Event: 0,722 Thread 0x00007fc2c000d000 Exception <a 'java/lang/ArrayIndexOutOfBoundsException'> (0x000000071c0bcfe8) thrown at [/HUDSON/workspace/8-2-build-linux-amd64/jdk8u77/6540/hotspot/src/share/vm/runtime/sharedRuntime.cpp, line 605]
Event: 0,722 Thread 0x00007fc2c000d000 Exception <a 'java/lang/ArrayIndexOutOfBoundsException'> (0x000000071c0bf0a8) thrown at [/HUDSON/workspace/8-2-build-linux-amd64/jdk8u77/6540/hotspot/src/share/vm/runtime/sharedRuntime.cpp, line 605]
Event: 0,740 Thread 0x00007fc2c000d000 Implicit null exception at 0x00007fc2b014c2f3 to 0x00007fc2b014c6a5

Events (10 events):
Event: 8,810 Thread 0x00007fc2c000d000 DEOPT PACKING pc=0x00007fc2b063dc98 sp=0x00007fc2c5fdc360
Event: 8,810 Thread 0x00007fc2c000d000 DEOPT UNPACKING pc=0x00007fc2aff6b229 sp=0x00007fc2c5fdc2f0 mode 2
Event: 9,164 Executing VM operation: CollectForMetadataAllocation
Event: 9,332 Executing VM operation: CollectForMetadataAllocation done
Event: 9,673 Thread 0x00007fc2c000d000 Uncommon trap: trap_request=0xffffff65 fr.pc=0x00007fc2b0649838
Event: 9,675 Thread 0x00007fc2c000d000 DEOPT PACKING pc=0x00007fc2b0649838 sp=0x00007fc2c5fdc400
Event: 9,676 Thread 0x00007fc2c000d000 DEOPT UNPACKING pc=0x00007fc2aff6b229 sp=0x00007fc2c5fdc2c8 mode 2
Event: 9,685 loading class java/util/concurrent/CopyOnWriteArrayList$1
Event: 9,687 loading class java/util/concurrent/CopyOnWriteArrayList$1 done
Event: 10,405 Executing VM operation: CollectForMetadataAllocation


Dynamic libraries:
00400000-00401000 r-xp 00000000 08:03 1199003                            /opt/java/jdk1.8.0_77/bin/java
00600000-00601000 rw-p 00000000 08:03 1199003                            /opt/java/jdk1.8.0_77/bin/java
01055000-01076000 rw-p 00000000 00:00 0                                  [heap]
5cde00000-5dee00000 rw-p 00000000 00:00 0 
5dee00000-719f80000 ---p 00000000 00:00 0 
719f80000-739480000 rw-p 00000000 00:00 0 
744b00000-7c0000000 ---p 00000000 00:00 0 
7c0000000-7c08aa000 rw-p 00000000 00:00 0 
7c08aa000-800000000 ---p 00000000 00:00 0 
7fc228000000-7fc228021000 rw-p 00000000 00:00 0 
7fc228021000-7fc22c000000 ---p 00000000 00:00 0 
7fc230000000-7fc230021000 rw-p 00000000 00:00 0 
7fc230021000-7fc234000000 ---p 00000000 00:00 0 
7fc234000000-7fc234021000 rw-p 00000000 00:00 0 
7fc234021000-7fc238000000 ---p 00000000 00:00 0 
7fc238000000-7fc238021000 rw-p 00000000 00:00 0 
7fc238021000-7fc23c000000 ---p 00000000 00:00 0 
7fc23c000000-7fc23c021000 rw-p 00000000 00:00 0 
7fc23c021000-7fc240000000 ---p 00000000 00:00 0 
7fc2420fd000-7fc242182000 rw-p 00000000 00:00 0 
7fc242182000-7fc2422fd000 ---p 00000000 00:00 0 
7fc2422fd000-7fc2424fd000 rw-p 00000000 00:00 0 
7fc2424fd000-7fc2428fd000 rw-p 00000000 00:00 0 
7fc2428fd000-7fc242afd000 rw-p 00000000 00:00 0 
7fc242afd000-7fc242cfd000 rw-p 00000000 00:00 0 
7fc242cfd000-7fc242efd000 rw-p 00000000 00:00 0 
7fc242efd000-7fc2430fd000 rw-p 00000000 00:00 0 
7fc2430fd000-7fc2432fd000 rw-p 00000000 00:00 0 
7fc2432fd000-7fc2434fd000 rw-p 00000000 00:00 0 
7fc2434fd000-7fc2436fd000 rw-p 00000000 00:00 0 
7fc2436fd000-7fc243afd000 rw-p 00000000 00:00 0 
7fc243afd000-7fc243cfd000 rw-p 00000000 00:00 0 
7fc243cfd000-7fc243d00000 ---p 00000000 00:00 0 
7fc243d00000-7fc243dfe000 rw-p 00000000 00:00 0                          [stack:14921]
7fc243dfe000-7fc243e01000 ---p 00000000 00:00 0 
7fc243e01000-7fc243eff000 rw-p 00000000 00:00 0                          [stack:14920]
7fc243eff000-7fc243f02000 ---p 00000000 00:00 0 
7fc243f02000-7fc244000000 rw-p 00000000 00:00 0                          [stack:14919]
7fc244000000-7fc244021000 rw-p 00000000 00:00 0 
7fc244021000-7fc248000000 ---p 00000000 00:00 0 
7fc248000000-7fc248021000 rw-p 00000000 00:00 0 
7fc248021000-7fc24c000000 ---p 00000000 00:00 0 
7fc24c000000-7fc24c021000 rw-p 00000000 00:00 0 
7fc24c021000-7fc250000000 ---p 00000000 00:00 0 
7fc250000000-7fc250021000 rw-p 00000000 00:00 0 
7fc250021000-7fc254000000 ---p 00000000 00:00 0 
7fc254000000-7fc254b3f000 rw-p 00000000 00:00 0 
7fc254b3f000-7fc258000000 ---p 00000000 00:00 0 
7fc258000000-7fc258021000 rw-p 00000000 00:00 0 
7fc258021000-7fc25c000000 ---p 00000000 00:00 0 
7fc25c000000-7fc25d050000 rw-p 00000000 00:00 0 
7fc25d050000-7fc260000000 ---p 00000000 00:00 0 
7fc260000000-7fc2613d3000 rw-p 00000000 00:00 0 
7fc2613d3000-7fc264000000 ---p 00000000 00:00 0 
7fc264000000-7fc264021000 rw-p 00000000 00:00 0 
7fc264021000-7fc268000000 ---p 00000000 00:00 0 
7fc268000000-7fc268fa2000 rw-p 00000000 00:00 0 
7fc268fa2000-7fc26c000000 ---p 00000000 00:00 0 
7fc26c000000-7fc26c021000 rw-p 00000000 00:00 0 
7fc26c021000-7fc270000000 ---p 00000000 00:00 0 
7fc270000000-7fc270021000 rw-p 00000000 00:00 0 
7fc270021000-7fc274000000 ---p 00000000 00:00 0 
7fc274000000-7fc2742cd000 rw-p 00000000 00:00 0 
7fc2742cd000-7fc278000000 ---p 00000000 00:00 0 
7fc2780f0000-7fc2782f0000 rw-p 00000000 00:00 0 
7fc2782f0000-7fc2784f0000 rw-p 00000000 00:00 0 
7fc2784f0000-7fc288000000 rw-p 00000000 00:00 0 
7fc288000000-7fc288021000 rw-p 00000000 00:00 0 
7fc288021000-7fc28c000000 ---p 00000000 00:00 0 
7fc28c000000-7fc28c021000 rw-p 00000000 00:00 0 
7fc28c021000-7fc290000000 ---p 00000000 00:00 0 
7fc290000000-7fc290021000 rw-p 00000000 00:00 0 
7fc290021000-7fc294000000 ---p 00000000 00:00 0 
7fc2940dc000-7fc2940dd000 rw-p 00000000 00:00 0 
7fc2940dd000-7fc2940e0000 ---p 00000000 00:00 0 
7fc2940e0000-7fc2943de000 rw-p 00000000 00:00 0                          [stack:14918]
7fc2943de000-7fc2943e1000 ---p 00000000 00:00 0 
7fc2943e1000-7fc2944df000 rw-p 00000000 00:00 0                          [stack:14893]
7fc2944df000-7fc2944e2000 ---p 00000000 00:00 0 
7fc2944e2000-7fc2945e0000 rw-p 00000000 00:00 0                          [stack:14892]
7fc2945e0000-7fc2945e3000 ---p 00000000 00:00 0 
7fc2945e3000-7fc2948e1000 rw-p 00000000 00:00 0                          [stack:14891]
7fc2948e1000-7fc2948f2000 r-xp 00000000 08:03 1198579                    /opt/java/jdk1.8.0_77/jre/lib/amd64/libnio.so
7fc2948f2000-7fc294af1000 ---p 00011000 08:03 1198579                    /opt/java/jdk1.8.0_77/jre/lib/amd64/libnio.so
7fc294af1000-7fc294af2000 rw-p 00010000 08:03 1198579                    /opt/java/jdk1.8.0_77/jre/lib/amd64/libnio.so
7fc294af2000-7fc294af5000 ---p 00000000 00:00 0 
7fc294af5000-7fc294bf3000 rw-p 00000000 00:00 0                          [stack:14890]
7fc294bf3000-7fc294bfc000 r-xp 00000000 08:03 1198584                    /opt/java/jdk1.8.0_77/jre/lib/amd64/libmanagement.so
7fc294bfc000-7fc294dfb000 ---p 00009000 08:03 1198584                    /opt/java/jdk1.8.0_77/jre/lib/amd64/libmanagement.so
7fc294dfb000-7fc294dfc000 rw-p 00008000 08:03 1198584                    /opt/java/jdk1.8.0_77/jre/lib/amd64/libmanagement.so
7fc294dfc000-7fc294e00000 r--s 00097000 08:03 1198499                    /opt/java/jdk1.8.0_77/jre/lib/jsse.jar
7fc294e00000-7fc295000000 rw-p 00000000 00:00 0 
7fc295000000-7fc29500a000 r--s 00116000 08:03 1198542                    /opt/java/jdk1.8.0_77/jre/lib/ext/localedata.jar
7fc29500a000-7fc295020000 r-xp 00000000 08:03 1198558                    /opt/java/jdk1.8.0_77/jre/lib/amd64/libnet.so
7fc295020000-7fc295220000 ---p 00016000 08:03 1198558                    /opt/java/jdk1.8.0_77/jre/lib/amd64/libnet.so
7fc295220000-7fc295221000 rw-p 00016000 08:03 1198558                    /opt/java/jdk1.8.0_77/jre/lib/amd64/libnet.so
7fc295221000-7fc295228000 r--s 00000000 08:03 174860                     /usr/lib/x86_64-linux-gnu/gconv/gconv-modules.cache
7fc295228000-7fc29524e000 r--p 00000000 08:03 273950                     /usr/share/locale-langpack/fr/LC_MESSAGES/libc.mo
7fc29524e000-7fc295275000 r--s 001f6000 08:04 527194                     /home/jollion/.m2/repository/org/apache/commons/commons-math3/3.6.1/commons-math3-3.6.1.jar
7fc295275000-7fc29527a000 r--s 0004c000 08:04 530379                     /home/jollion/.m2/repository/mpicbg/mpicbg/1.0.1/mpicbg-1.0.1.jar
7fc29527a000-7fc29528b000 r--s 000c0000 08:04 396522                     /home/jollion/.m2/repository/sc/fiji/legacy-imglib1/1.1.3-DEPRECATED/legacy-imglib1-1.1.3-DEPRECATED.jar
7fc29528b000-7fc29528d000 r--s 00015000 08:04 396521                     /home/jollion/.m2/repository/sc/fiji/Fiji_Plugins/3.0.0/Fiji_Plugins-3.0.0.jar
7fc29528d000-7fc295290000 r--s 00054000 08:04 396509                     /home/jollion/.m2/repository/sc/fiji/Stitching_/3.0.3-SNAPSHOT/Stitching_-3.0.3-SNAPSHOT.jar
7fc295290000-7fc295291000 r--s 00002000 08:04 394831                     /home/jollion/.m2/repository/sc/fiji/Skeletonize3D_/2.1.0/Skeletonize3D_-2.1.0.jar
7fc295291000-7fc29529c000 r--s 000bb000 08:04 264863                     /home/jollion/.m2/repository/org/tinyjee/jgraphx/jgraphx/1.10.4.1/jgraphx-1.10.4.1.jar
7fc29529c000-7fc2952ad000 r--s 0016e000 08:04 162322                     /home/jollion/.m2/repository/org/jfree/jfreechart/1.0.19/jfreechart-1.0.19.jar
7fc2952ad000-7fc2952b3000 r--s 0004b000 08:04 162327                     /home/jollion/.m2/repository/org/jfree/jcommon/1.0.23/jcommon-1.0.23.jar
7fc2952b3000-7fc2952b9000 r--s 00045000 08:04 264862                     /home/jollion/.m2/repository/org/jdom/jdom2/2.0.6/jdom2-2.0.6.jar
7fc2952b9000-7fc2952c0000 r--s 00035000 08:04 528033                     /home/jollion/.m2/repository/net/sf/jgrapht/jgrapht/0.8.3/jgrapht-0.8.3.jar
7fc2952c0000-7fc2952cf000 r--s 0017d000 08:04 528032                     /home/jollion/.m2/repository/com/itextpdf/itextpdf/5.1.1/itextpdf-5.1.1.jar
7fc2952cf000-7fc295358000 r--s 0071a000 08:04 396689                     /home/jollion/.m2/repository/batik/batik/1.8/batik-1.8.jar
7fc295358000-7fc29535b000 r--s 00026000 08:04 264859                     /home/jollion/.m2/repository/org/scijava/vecmath/1.6.0-scijava-2/vecmath-1.6.0-scijava-2.jar
7fc29535b000-7fc29536a000 r--s 000f1000 08:04 396687                     /home/jollion/.m2/repository/org/scijava/j3dutils/1.6.0-scijava-2/j3dutils-1.6.0-scijava-2.jar
7fc29536a000-7fc29538e000 r--s 0031e000 08:04 396685                     /home/jollion/.m2/repository/org/jogamp/jogl/jogl-all/2.3.2/jogl-all-2.3.2.jar
7fc29538e000-7fc295394000 r--s 0004f000 08:04 396683                     /home/jollion/.m2/repository/org/jogamp/gluegen/gluegen-rt/2.3.2/gluegen-rt-2.3.2.jar
7fc295394000-7fc2953a1000 r--s 001ce000 08:04 264858                     /home/jollion/.m2/repository/org/scijava/j3dcore/1.6.0-scijava-2/j3dcore-1.6.0-scijava-2.jar
7fc2953a1000-7fc2953a4000 r--s 00012000 08:04 528132                     /home/jollion/.m2/repository/org/bushe/eventbus/1.4/eventbus-1.4.jar
7fc2953a4000-7fc2953a6000 r--s 00003000 08:04 789417                     /home/jollion/.m2/repository/com/googlecode/gentyref/gentyref/1.1.0/gentyref-1.1.0.jar
7fc2953a6000-7fc2953b6000 r--s 000a4000 08:04 530809                     /home/jollion/.m2/repository/org/scijava/scijava-common/2.53.0/scijava-common-2.53.0.jar
7fc2953b6000-7fc2953b8000 r--s 0000f000 08:04 662857                     /home/jollion/.m2/repository/net/imglib2/imglib2-realtransform/2.0.0-beta-30/imglib2-realtransform-2.0.0-beta-30.jar
7fc2953b8000-7fc2953bb000 r--s 00023000 08:04 663998                     /home/jollion/.m2/repository/net/imglib2/imglib2-algorithm-gpl/0.1.5/imglib2-algorithm-gpl-0.1.5.jar
7fc2953bb000-7fc2953c3000 r--s 00059000 08:04 663990                     /home/jollion/.m2/repository/net/imglib2/imglib2-algorithm/0.3.3/imglib2-algorithm-0.3.3.jar
7fc2953c3000-7fc2953d5000 r--s 0009e000 08:04 396679                     /home/jollion/.m2/repository/net/imagej/imagej-deprecated/0.1.1/imagej-deprecated-0.1.1.jar
7fc2953d5000-7fc2953de000 r--s 00098000 08:04 265956                     /home/jollion/.m2/repository/org/javassist/javassist/3.16.1-GA/javassist-3.16.1-GA.jar
7fc2953de000-7fc2953e1000 r--s 00024000 08:04 396678                     /home/jollion/.m2/repository/net/imagej/ij1-patcher/0.12.2/ij1-patcher-0.12.2.jar
7fc2953e1000-7fc2953e3000 r--s 00014000 08:04 396677                     /home/jollion/.m2/repository/sc/fiji/fiji-lib/2.1.1/fiji-lib-2.1.1.jar
7fc2953e3000-7fc2953ed000 r--s 0005d000 08:04 658143                     /home/jollion/.m2/repository/ch/qos/logback/logback-core/1.0.13/logback-core-1.0.13.jar
7fc2953ed000-7fc2953f3000 r--s 0003b000 08:04 658142                     /home/jollion/.m2/repository/ch/qos/logback/logback-classic/1.0.13/logback-classic-1.0.13.jar
7fc2953f3000-7fc2953f5000 r--s 00006000 08:04 657217                     /home/jollion/.m2/repository/org/slf4j/slf4j-api/1.7.6/slf4j-api-1.7.6.jar
7fc2953f5000-7fc2953f7000 r--s 0001d000 08:04 660849                     /home/jollion/.m2/repository/edu/ucar/udunits/4.3.18/udunits-4.3.18.jar
7fc2953f7000-7fc29541f000 r--s 00241000 08:04 528127                     /home/jollion/.m2/repository/net/sf/trove4j/trove4j/3.0.3/trove4j-3.0.3.jar
7fc29541f000-7fc295422000 r--s 0001b000 08:04 664301                     /home/jollion/.m2/repository/net/imglib2/imglib2-roi/0.3.2/imglib2-roi-0.3.2.jar
7fc295422000-7fc29542c000 r--s 0006e000 08:04 528129                     /home/jollion/.m2/repository/net/imagej/imagej-common/0.16.0/imagej-common-0.16.0.jar
7fc29542c000-7fc29542e000 r--s 00007000 08:04 660852                     /home/jollion/.m2/repository/net/imglib2/imglib2-ij/2.0.0-beta-32-SNAPSHOT/imglib2-ij-2.0.0-beta-32-SNAPSHOT.jar
7fc29542e000-7fc29543d000 r--s 00139000 08:04 787456                     /home/jollion/.m2/repository/edu/mines/mines-jtk/20100113/mines-jtk-20100113.jar
7fc29543d000-7fc29543e000 r--s 00004000 08:04 660532                     /home/jollion/.m2/repository/net/imglib2/imglib2-algorithm-fft/0.1.3-SNAPSHOT/imglib2-algorithm-fft-0.1.3-SNAPSHOT.jar
7fc29543e000-7fc29544a000 r--s 00082000 08:04 660484                     /home/jollion/.m2/repository/net/imglib2/imglib2/2.4.0/imglib2-2.4.0.jar
7fc29544a000-7fc29544c000 r--s 00008000 08:04 657814                     /home/jollion/.m2/repository/gov/nist/math/jama/1.0.3/jama-1.0.3.jar
7fc29544c000-7fc29544e000 r--s 00009000 08:04 657812                     /home/jollion/.m2/repository/sc/fiji/pal-optimization/2.0.0/pal-optimization-2.0.0.jar
7fc29544e000-7fc295455000 r--s 0008e000 08:04 658144                     /home/jollion/.m2/repository/sc/fiji/VIB-lib/2.1.0/VIB-lib-2.1.0.jar
7fc295455000-7fc29545c000 r--s 00080000 08:04 657842                     /home/jollion/.m2/repository/sc/fiji/3D_Viewer/3.0.2-SNAPSHOT/3D_Viewer-3.0.2-SNAPSHOT.jar
7fc29545c000-7fc29545e000 r--s 00030000 08:04 657841                     /home/jollion/.m2/repository/sc/fiji/imageware/2.0.1-SNAPSHOT/imageware-2.0.1-SNAPSHOT.jar
7fc29545e000-7fc295461000 r--s 00052000 08:04 657001                     /home/jollion/.m2/repository/sc/fiji/imagescience/3.0.0/imagescience-3.0.0.jar
7fc295461000-7fc295463000 r--s 0001c000 08:04 658596                     /home/jollion/.m2/repository/sc/fiji/Image_5D/1.2.7-SNAPSHOT/Image_5D-1.2.7-SNAPSHOT.jar
7fc295463000-7fc295464000 r--s 00008000 08:04 657609                     /home/jollion/.m2/repository/ome/bio-formats-tools/5.1.2/bio-formats-tools-5.1.2.jar
7fc295464000-7fc295467000 r--s 00039000 08:04 657610                     /home/jollion/.m2/repository/ome/bio-formats_plugins/5.1.2/bio-formats_plugins-5.1.2.jar
7fc295467000-7fc29549d000 rw-p 00000000 00:00 0 
7fc29549d000-7fc2955d0000 r--s 01df5000 08:04 657608                     /home/jollion/.m2/repository/ome/loci_tools/5.1.2/loci_tools-5.1.2.jar
7fc2955d0000-7fc2955f0000 r--s 0094e000 08:04 789379                     /home/jollion/.m2/repository/ch/systems/cisd/jhdf5/14.12.0/jhdf5-14.12.0.jar
7fc2955f0000-7fc2955f2000 r--s 00009000 08:04 266289                     /home/jollion/.m2/repository/org/objenesis/objenesis/2.1/objenesis-2.1.jar
7fc2955f2000-7fc2955f4000 r--s 00000000 08:04 527725                     /home/jollion/.m2/repository/com/esotericsoftware/minlog/minlog/1.2/minlog-1.2.jar
7fc2955f4000-7fc2955fa000 r--s 0004d000 08:04 786566                     /home/jollion/.m2/repository/com/esotericsoftware/kryo/kryo/2.24.0/kryo-2.24.0.jar
7fc2955fa000-7fc29560a000 r--s 0007d000 08:04 657218                     /home/jollion/.m2/repository/joda-time/joda-time/2.2/joda-time-2.2.jar
7fc29560a000-7fc29560f000 r--s 00018000 08:04 657168                     /home/jollion/.m2/repository/woolz/JWlz/1.4.0/JWlz-1.4.0.jar
7fc29560f000-7fc295642000 r--s 0042e000 08:04 657169                     /home/jollion/.m2/repository/edu/ucar/netcdf/4.3.19/netcdf-4.3.19.jar
7fc295642000-7fc295659000 r--s 00112000 08:04 786567                     /home/jollion/.m2/repository/xerces/xercesImpl/2.8.1/xercesImpl-2.8.1.jar
7fc295659000-7fc29565b000 r--s 0001b000 08:04 527722                     /home/jollion/.m2/repository/com/adobe/xmp/xmpcore/5.1.2/xmpcore-5.1.2.jar
7fc29565b000-7fc29565f000 r--s 00030000 08:04 527723                     /home/jollion/.m2/repository/com/drewnoakes/metadata-extractor/2.6.2/metadata-extractor-2.6.2.jar
7fc29565f000-7fc295662000 r--s 00018000 08:04 266210                     /home/jollion/.m2/repository/org/perf4j/perf4j/0.9.13/perf4j-0.9.13.jar
7fc295662000-7fc295664000 r--s 00007000 08:04 527669                     /home/jollion/.m2/repository/com/jgoodies/jgoodies-common/1.7.0/jgoodies-common-1.7.0.jar
7fc295664000-7fc295666000 r--s 0001b000 08:04 527668                     /home/jollion/.m2/repository/com/jgoodies/jgoodies-forms/1.7.2/jgoodies-forms-1.7.2.jar
7fc295666000-7fc295668000 r--s 00003000 08:04 266208                     /home/jollion/.m2/repository/org/scijava/native-lib-loader/2.0.2/native-lib-loader-2.0.2.jar
7fc295668000-7fc29566d000 r--s 00092000 08:04 661910                     /home/jollion/.m2/repository/ome/specification/5.1.7/specification-5.1.7.jar
7fc29566d000-7fc29567d000 r--s 000ed000 08:04 661906                     /home/jollion/.m2/repository/ome/jai_imageio/5.1.7/jai_imageio-5.1.7.jar
7fc29567d000-7fc295682000 r--s 000a3000 08:04 661904                     /home/jollion/.m2/repository/ome/formats-bsd/5.1.7/formats-bsd-5.1.7.jar
7fc295682000-7fc29568f000 r--s 000d8000 08:04 661902                     /home/jollion/.m2/repository/ome/ome-poi/5.1.7/ome-poi-5.1.7.jar
7fc29568f000-7fc295695000 r--s 0008f000 08:04 661903                     /home/jollion/.m2/repository/ome/ome-xml/5.1.7/ome-xml-5.1.7.jar
7fc295695000-7fc2956c0000 r--s 001f9000 08:04 527721                     /home/jollion/.m2/repository/com/google/guava/guava/17.0/guava-17.0.jar
7fc2956c0000-7fc2956e5000 r--s 002e3000 08:04 657213                     /home/jollion/.m2/repository/xalan/xalan/2.7.1/xalan-2.7.1.jar
7fc2956e5000-7fc2956ed000 r--s 00028000 08:04 657211                     /home/jollion/.m2/repository/xml-apis/xml-apis/1.3.04/xml-apis-1.3.04.jar
7fc2956ed000-7fc295705000 r--s 00123000 08:04 529216                     /home/jollion/.m2/repository/org/mongodb/mongo-java-driver/3.0.4/mongo-java-driver-3.0.4.jar
7fc295705000-7fc295706000 ---p 00000000 00:00 0 
7fc295706000-7fc295806000 rw-p 00000000 00:00 0                          [stack:14889]
7fc295806000-7fc295809000 ---p 00000000 00:00 0 
7fc295809000-7fc295907000 rw-p 00000000 00:00 0                          [stack:14888]
7fc295907000-7fc29590a000 ---p 00000000 00:00 0 
7fc29590a000-7fc295a08000 rw-p 00000000 00:00 0                          [stack:14887]
7fc295a08000-7fc295a0b000 ---p 00000000 00:00 0 
7fc295a0b000-7fc295b09000 rw-p 00000000 00:00 0                          [stack:14886]
7fc295b09000-7fc295b0c000 ---p 00000000 00:00 0 
7fc295b0c000-7fc295c0a000 rw-p 00000000 00:00 0                          [stack:14885]
7fc295c0a000-7fc295c0d000 ---p 00000000 00:00 0 
7fc295c0d000-7fc295d0b000 rw-p 00000000 00:00 0                          [stack:14884]
7fc295d0b000-7fc295d0e000 ---p 00000000 00:00 0 
7fc295d0e000-7fc295e0c000 rw-p 00000000 00:00 0                          [stack:14883]
7fc295e0c000-7fc2960da000 r--p 00000000 08:03 1314327                    /usr/lib/locale/locale-archive
7fc2960da000-7fc2960dd000 ---p 00000000 00:00 0 
7fc2960dd000-7fc2961db000 rw-p 00000000 00:00 0                          [stack:14882]
7fc2961db000-7fc2961de000 ---p 00000000 00:00 0 
7fc2961de000-7fc2962dc000 rw-p 00000000 00:00 0                          [stack:14881]
7fc2962dc000-7fc2962dd000 ---p 00000000 00:00 0 
7fc2962dd000-7fc298000000 rw-p 00000000 00:00 0                          [stack:14880]
7fc298000000-7fc298021000 rw-p 00000000 00:00 0 
7fc298021000-7fc29c000000 ---p 00000000 00:00 0 
7fc29c000000-7fc29c021000 rw-p 00000000 00:00 0 
7fc29c021000-7fc2a0000000 ---p 00000000 00:00 0 
7fc2a0000000-7fc2a0021000 rw-p 00000000 00:00 0 
7fc2a0021000-7fc2a4000000 ---p 00000000 00:00 0 
7fc2a4000000-7fc2a4021000 rw-p 00000000 00:00 0 
7fc2a4021000-7fc2a8000000 ---p 00000000 00:00 0 
7fc2a8000000-7fc2a8021000 rw-p 00000000 00:00 0 
7fc2a8021000-7fc2ac000000 ---p 00000000 00:00 0 
7fc2ac000000-7fc2ac002000 r--s 0013b000 08:04 661911                     /home/jollion/.m2/repository/ome/turbojpeg/5.1.7/turbojpeg-5.1.7.jar
7fc2ac002000-7fc2ac072000 rw-p 00000000 00:00 0 
7fc2ac072000-7fc2ac24a000 r--s 03d1e000 08:03 1198548                    /opt/java/jdk1.8.0_77/jre/lib/rt.jar
7fc2ac24a000-7fc2adaac000 rw-p 00000000 00:00 0 
7fc2adaac000-7fc2adaad000 ---p 00000000 00:00 0 
7fc2adaad000-7fc2adbad000 rw-p 00000000 00:00 0                          [stack:14879]
7fc2adbad000-7fc2adbae000 ---p 00000000 00:00 0 
7fc2adbae000-7fc2adcae000 rw-p 00000000 00:00 0                          [stack:14878]
7fc2adcae000-7fc2adcaf000 ---p 00000000 00:00 0 
7fc2adcaf000-7fc2addaf000 rw-p 00000000 00:00 0                          [stack:14877]
7fc2addaf000-7fc2addb0000 ---p 00000000 00:00 0 
7fc2addb0000-7fc2adeb0000 rw-p 00000000 00:00 0                          [stack:14876]
7fc2adeb0000-7fc2adeb1000 ---p 00000000 00:00 0 
7fc2adeb1000-7fc2adfb1000 rw-p 00000000 00:00 0                          [stack:14875]
7fc2adfb1000-7fc2adfb2000 ---p 00000000 00:00 0 
7fc2adfb2000-7fc2ae0b2000 rw-p 00000000 00:00 0                          [stack:14874]
7fc2ae0b2000-7fc2ae0b3000 ---p 00000000 00:00 0 
7fc2ae0b3000-7fc2ae23b000 rw-p 00000000 00:00 0                          [stack:14873]
7fc2ae23b000-7fc2aec14000 ---p 00000000 00:00 0 
7fc2aec14000-7fc2aec9c000 rw-p 00000000 00:00 0 
7fc2aec9c000-7fc2af674000 ---p 00000000 00:00 0 
7fc2af674000-7fc2af770000 rw-p 00000000 00:00 0 
7fc2af770000-7fc2afba5000 ---p 00000000 00:00 0 
7fc2afba5000-7fc2afbc4000 rw-p 00000000 00:00 0 
7fc2afbc4000-7fc2aff66000 ---p 00000000 00:00 0 
7fc2aff66000-7fc2b06b6000 rwxp 00000000 00:00 0 
7fc2b06b6000-7fc2bef66000 ---p 00000000 00:00 0 
7fc2bef66000-7fc2bef80000 r-xp 00000000 08:03 1198578                    /opt/java/jdk1.8.0_77/jre/lib/amd64/libzip.so
7fc2bef80000-7fc2bf180000 ---p 0001a000 08:03 1198578                    /opt/java/jdk1.8.0_77/jre/lib/amd64/libzip.so
7fc2bf180000-7fc2bf181000 rw-p 0001a000 08:03 1198578                    /opt/java/jdk1.8.0_77/jre/lib/amd64/libzip.so
7fc2bf181000-7fc2bf18c000 r-xp 00000000 08:03 396010                     /lib/x86_64-linux-gnu/libnss_files-2.19.so
7fc2bf18c000-7fc2bf38b000 ---p 0000b000 08:03 396010                     /lib/x86_64-linux-gnu/libnss_files-2.19.so
7fc2bf38b000-7fc2bf38c000 r--p 0000a000 08:03 396010                     /lib/x86_64-linux-gnu/libnss_files-2.19.so
7fc2bf38c000-7fc2bf38d000 rw-p 0000b000 08:03 396010                     /lib/x86_64-linux-gnu/libnss_files-2.19.so
7fc2bf38d000-7fc2bf398000 r-xp 00000000 08:03 396002                     /lib/x86_64-linux-gnu/libnss_nis-2.19.so
7fc2bf398000-7fc2bf597000 ---p 0000b000 08:03 396002                     /lib/x86_64-linux-gnu/libnss_nis-2.19.so
7fc2bf597000-7fc2bf598000 r--p 0000a000 08:03 396002                     /lib/x86_64-linux-gnu/libnss_nis-2.19.so
7fc2bf598000-7fc2bf599000 rw-p 0000b000 08:03 396002                     /lib/x86_64-linux-gnu/libnss_nis-2.19.so
7fc2bf599000-7fc2bf5b0000 r-xp 00000000 08:03 395998                     /lib/x86_64-linux-gnu/libnsl-2.19.so
7fc2bf5b0000-7fc2bf7af000 ---p 00017000 08:03 395998                     /lib/x86_64-linux-gnu/libnsl-2.19.so
7fc2bf7af000-7fc2bf7b0000 r--p 00016000 08:03 395998                     /lib/x86_64-linux-gnu/libnsl-2.19.so
7fc2bf7b0000-7fc2bf7b1000 rw-p 00017000 08:03 395998                     /lib/x86_64-linux-gnu/libnsl-2.19.so
7fc2bf7b1000-7fc2bf7b3000 rw-p 00000000 00:00 0 
7fc2bf7b3000-7fc2bf7bc000 r-xp 00000000 08:03 395997                     /lib/x86_64-linux-gnu/libnss_compat-2.19.so
7fc2bf7bc000-7fc2bf9bb000 ---p 00009000 08:03 395997                     /lib/x86_64-linux-gnu/libnss_compat-2.19.so
7fc2bf9bb000-7fc2bf9bc000 r--p 00008000 08:03 395997                     /lib/x86_64-linux-gnu/libnss_compat-2.19.so
7fc2bf9bc000-7fc2bf9bd000 rw-p 00009000 08:03 395997                     /lib/x86_64-linux-gnu/libnss_compat-2.19.so
7fc2bf9bd000-7fc2bf9e7000 r-xp 00000000 08:03 1198585                    /opt/java/jdk1.8.0_77/jre/lib/amd64/libjava.so
7fc2bf9e7000-7fc2bfbe7000 ---p 0002a000 08:03 1198585                    /opt/java/jdk1.8.0_77/jre/lib/amd64/libjava.so
7fc2bfbe7000-7fc2bfbe9000 rw-p 0002a000 08:03 1198585                    /opt/java/jdk1.8.0_77/jre/lib/amd64/libjava.so
7fc2bfbe9000-7fc2bfbf6000 r-xp 00000000 08:03 1198613                    /opt/java/jdk1.8.0_77/jre/lib/amd64/libverify.so
7fc2bfbf6000-7fc2bfdf6000 ---p 0000d000 08:03 1198613                    /opt/java/jdk1.8.0_77/jre/lib/amd64/libverify.so
7fc2bfdf6000-7fc2bfdf8000 rw-p 0000d000 08:03 1198613                    /opt/java/jdk1.8.0_77/jre/lib/amd64/libverify.so
7fc2bfdf8000-7fc2bfdff000 r-xp 00000000 08:03 396006                     /lib/x86_64-linux-gnu/librt-2.19.so
7fc2bfdff000-7fc2bfffe000 ---p 00007000 08:03 396006                     /lib/x86_64-linux-gnu/librt-2.19.so
7fc2bfffe000-7fc2bffff000 r--p 00006000 08:03 396006                     /lib/x86_64-linux-gnu/librt-2.19.so
7fc2bffff000-7fc2c0000000 rw-p 00007000 08:03 396006                     /lib/x86_64-linux-gnu/librt-2.19.so
7fc2c0000000-7fc2c1ae0000 rw-p 00000000 00:00 0 
7fc2c1ae0000-7fc2c4000000 ---p 00000000 00:00 0 
7fc2c4000000-7fc2c4002000 r--s 0000d000 08:04 525355                     /home/jollion/.m2/repository/commons-logging/commons-logging/1.1.1/commons-logging-1.1.1.jar
7fc2c4002000-7fc2c4003000 r--s 00002000 08:04 661896                     /home/jollion/.m2/repository/ome/metakit/5.1.7/metakit-5.1.7.jar
7fc2c4003000-7fc2c4004000 ---p 00000000 00:00 0 
7fc2c4004000-7fc2c4104000 rw-p 00000000 00:00 0                          [stack:14872]
7fc2c4104000-7fc2c4209000 r-xp 00000000 08:03 395992                     /lib/x86_64-linux-gnu/libm-2.19.so
7fc2c4209000-7fc2c4408000 ---p 00105000 08:03 395992                     /lib/x86_64-linux-gnu/libm-2.19.so
7fc2c4408000-7fc2c4409000 r--p 00104000 08:03 395992                     /lib/x86_64-linux-gnu/libm-2.19.so
7fc2c4409000-7fc2c440a000 rw-p 00105000 08:03 395992                     /lib/x86_64-linux-gnu/libm-2.19.so
7fc2c440a000-7fc2c50c9000 r-xp 00000000 08:03 1198567                    /opt/java/jdk1.8.0_77/jre/lib/amd64/server/libjvm.so
7fc2c50c9000-7fc2c52c8000 ---p 00cbf000 08:03 1198567                    /opt/java/jdk1.8.0_77/jre/lib/amd64/server/libjvm.so
7fc2c52c8000-7fc2c53a1000 rw-p 00cbe000 08:03 1198567                    /opt/java/jdk1.8.0_77/jre/lib/amd64/server/libjvm.so
7fc2c53a1000-7fc2c53ea000 rw-p 00000000 00:00 0 
7fc2c53ea000-7fc2c55a5000 r-xp 00000000 08:03 396007                     /lib/x86_64-linux-gnu/libc-2.19.so
7fc2c55a5000-7fc2c57a4000 ---p 001bb000 08:03 396007                     /lib/x86_64-linux-gnu/libc-2.19.so
7fc2c57a4000-7fc2c57a8000 r--p 001ba000 08:03 396007                     /lib/x86_64-linux-gnu/libc-2.19.so
7fc2c57a8000-7fc2c57aa000 rw-p 001be000 08:03 396007                     /lib/x86_64-linux-gnu/libc-2.19.so
7fc2c57aa000-7fc2c57af000 rw-p 00000000 00:00 0 
7fc2c57af000-7fc2c57b2000 r-xp 00000000 08:03 395994                     /lib/x86_64-linux-gnu/libdl-2.19.so
7fc2c57b2000-7fc2c59b1000 ---p 00003000 08:03 395994                     /lib/x86_64-linux-gnu/libdl-2.19.so
7fc2c59b1000-7fc2c59b2000 r--p 00002000 08:03 395994                     /lib/x86_64-linux-gnu/libdl-2.19.so
7fc2c59b2000-7fc2c59b3000 rw-p 00003000 08:03 395994                     /lib/x86_64-linux-gnu/libdl-2.19.so
7fc2c59b3000-7fc2c59c8000 r-xp 00000000 08:03 1199029                    /opt/java/jdk1.8.0_77/lib/amd64/jli/libjli.so
7fc2c59c8000-7fc2c5bc8000 ---p 00015000 08:03 1199029                    /opt/java/jdk1.8.0_77/lib/amd64/jli/libjli.so
7fc2c5bc8000-7fc2c5bc9000 rw-p 00015000 08:03 1199029                    /opt/java/jdk1.8.0_77/lib/amd64/jli/libjli.so
7fc2c5bc9000-7fc2c5be2000 r-xp 00000000 08:03 395999                     /lib/x86_64-linux-gnu/libpthread-2.19.so
7fc2c5be2000-7fc2c5de1000 ---p 00019000 08:03 395999                     /lib/x86_64-linux-gnu/libpthread-2.19.so
7fc2c5de1000-7fc2c5de2000 r--p 00018000 08:03 395999                     /lib/x86_64-linux-gnu/libpthread-2.19.so
7fc2c5de2000-7fc2c5de3000 rw-p 00019000 08:03 395999                     /lib/x86_64-linux-gnu/libpthread-2.19.so
7fc2c5de3000-7fc2c5de7000 rw-p 00000000 00:00 0 
7fc2c5de7000-7fc2c5e0a000 r-xp 00000000 08:03 396000                     /lib/x86_64-linux-gnu/ld-2.19.so
7fc2c5e0a000-7fc2c5e0d000 r--s 00013000 08:04 661894                     /home/jollion/.m2/repository/ome/mdbtools-java/5.1.7/mdbtools-java-5.1.7.jar
7fc2c5e0d000-7fc2c5e0f000 r--s 0001b000 08:04 661901                     /home/jollion/.m2/repository/ome/formats-common/5.1.7/formats-common-5.1.7.jar
7fc2c5e0f000-7fc2c5e12000 r--s 00041000 08:04 657209                     /home/jollion/.m2/repository/xalan/serializer/2.7.1/serializer-2.7.1.jar
7fc2c5e12000-7fc2c5e19000 r--s 001f2000 08:04 661895                     /home/jollion/.m2/repository/ome/formats-gpl/5.1.7/formats-gpl-5.1.7.jar
7fc2c5e19000-7fc2c5edd000 rw-p 00000000 00:00 0 
7fc2c5edd000-7fc2c5ee0000 ---p 00000000 00:00 0 
7fc2c5ee0000-7fc2c5fe2000 rw-p 00000000 00:00 0                          [stack:14871]
7fc2c5fe2000-7fc2c5fe4000 r--s 00022000 08:04 661893                     /home/jollion/.m2/repository/ome/formats-api/5.1.7/formats-api-5.1.7.jar
7fc2c5fe4000-7fc2c5fed000 r--s 00207000 08:04 154687                     /home/jollion/.m2/repository/net/imagej/ij/1.51h/ij-1.51h.jar
7fc2c5fed000-7fc2c5fee000 r--s 00003000 08:04 787320                     /home/jollion/.m2/repository/com/googlecode/json-simple/json-simple/1.1/json-simple-1.1.jar
7fc2c5fee000-7fc2c5ff0000 r--s 0000a000 08:04 789656                     /home/jollion/.m2/repository/org/ow2/asm/asm/4.0/asm-4.0.jar
7fc2c5ff0000-7fc2c5ff7000 r--s 0003f000 08:04 530145                     /home/jollion/.m2/repository/cglib/cglib/3.0/cglib-3.0.jar
7fc2c5ff7000-7fc2c5ffd000 r--s 00052000 08:04 787246                     /home/jollion/.m2/repository/de/caluga/morphium/2.2.23/morphium-2.2.23.jar
7fc2c5ffd000-7fc2c6005000 rw-s 00000000 08:03 919548                     /tmp/hsperfdata_jollion/14867
7fc2c6005000-7fc2c6006000 rw-p 00000000 00:00 0 
7fc2c6006000-7fc2c6007000 ---p 00000000 00:00 0 
7fc2c6007000-7fc2c6009000 rw-p 00000000 00:00 0 
7fc2c6009000-7fc2c600a000 r--p 00022000 08:03 396000                     /lib/x86_64-linux-gnu/ld-2.19.so
7fc2c600a000-7fc2c600b000 rw-p 00023000 08:03 396000                     /lib/x86_64-linux-gnu/ld-2.19.so
7fc2c600b000-7fc2c600c000 rw-p 00000000 00:00 0 
7fff81ff3000-7fff82016000 rw-p 00000000 00:00 0                          [stack]
7fff820c8000-7fff820ca000 r-xp 00000000 00:00 0                          [vdso]
ffffffffff600000-ffffffffff601000 r-xp 00000000 00:00 0                  [vsyscall]

VM Arguments:
java_command: core.TaskRunner
java_class_path (initial): /home/jollion/Dev/functional-bioImage-core/target/classes:/home/jollion/.m2/repository/de/caluga/morphium/2.2.23/morphium-2.2.23.jar:/home/jollion/.m2/repository/cglib/cglib/3.0/cglib-3.0.jar:/home/jollion/.m2/repository/org/ow2/asm/asm/4.0/asm-4.0.jar:/home/jollion/.m2/repository/com/googlecode/json-simple/json-simple/1.1/json-simple-1.1.jar:/home/jollion/.m2/repository/org/mongodb/mongo-java-driver/3.0.4/mongo-java-driver-3.0.4.jar:/home/jollion/.m2/repository/net/imagej/ij/1.51h/ij-1.51h.jar:/home/jollion/.m2/repository/ome/formats-gpl/5.1.7/formats-gpl-5.1.7.jar:/home/jollion/.m2/repository/ome/formats-api/5.1.7/formats-api-5.1.7.jar:/home/jollion/.m2/repository/xalan/serializer/2.7.1/serializer-2.7.1.jar:/home/jollion/.m2/repository/xml-apis/xml-apis/1.3.04/xml-apis-1.3.04.jar:/home/jollion/.m2/repository/xalan/xalan/2.7.1/xalan-2.7.1.jar:/home/jollion/.m2/repository/ome/formats-common/5.1.7/formats-common-5.1.7.jar:/home/jollion/.m2/repository/com/google/guava/guava/17.0/guava-17.0.jar:/home/jollion/.m2/repository/ome/mdbtools-java/5.1.7/mdbtools-java-5.1.7.jar:/home/jollion/.m2/repository/ome/metakit/5.1.7/metakit-5.1.7.jar:/home/jollion/.m2/repository/ome/ome-xml/5.1.7/ome-xml-5.1.7.jar:/home/jollion/.m2/repository/ome/ome-poi/5.1.7/ome-poi-5.1.7.jar:/home/jollion/.m2/repository/commons-logging/commons-logging/1.1.1/commons-logging-1.1.1.jar:/home/jollion/.m2/repository/ome/formats-bsd/5.1.7/formats-bsd-5.1.7.jar:/home/jollion/.m2/repository/ome/jai_imageio/5.1.7/jai_imageio-5.1.7.jar:/home/jollion/.m2/repository/ome/specification/5.1.7/specification-5.1.7.jar:/home/jollion/.m2/repository/ome/turbojpeg/5.1.7/turbojpeg-5.1.7.jar:/home/jollion/.m2/repository/org/scijava/native-lib-loader/2.0.2/native-lib-loader-2.0.2.jar:/home/jollion/.m2/repository/com/jgoodies/jgoodies-forms/1.7.2/jgoodies-forms-1.7.2.jar:/home/jollion/.m2/repository/com/jgoodies/jgoodies-common/1.7.0/jgoodies-common-1.7.0.jar:/home/jollion/.m2/repository/org/per
Launcher Type: SUN_STANDARD

Environment Variables:
JAVA_HOME=/opt/java/jdk1.8.0_77
PATH=/usr/StorMan/pegasus/bin:/usr/StorMan/ssl/bin:/usr/local/sbin:/usr/local/bin:/usr/sbin:/usr/bin:/sbin:/bin:/usr/games:/usr/local/games
USERNAME=jollion
LD_LIBRARY_PATH=/usr/lib/jvm/default-java/jre/lib/amd64:/usr/lib/jvm/default-java/jre/lib/i386:
SHELL=/bin/bash
DISPLAY=:0.0

Signal Handlers:
SIGSEGV: [libjvm.so+0xabb070], sa_mask[0]=11111111011111111101111111111110, sa_flags=SA_RESTART|SA_SIGINFO
SIGBUS: [libjvm.so+0xabb070], sa_mask[0]=11111111011111111101111111111110, sa_flags=SA_RESTART|SA_SIGINFO
SIGFPE: [libjvm.so+0x918480], sa_mask[0]=11111111011111111101111111111110, sa_flags=SA_RESTART|SA_SIGINFO
SIGPIPE: [libjvm.so+0x918480], sa_mask[0]=11111111011111111101111111111110, sa_flags=SA_RESTART|SA_SIGINFO
SIGXFSZ: [libjvm.so+0x918480], sa_mask[0]=11111111011111111101111111111110, sa_flags=SA_RESTART|SA_SIGINFO
SIGILL: [libjvm.so+0x918480], sa_mask[0]=11111111011111111101111111111110, sa_flags=SA_RESTART|SA_SIGINFO
SIGUSR1: SIG_DFL, sa_mask[0]=00000000000000000000000000000000, sa_flags=none
SIGUSR2: [libjvm.so+0x919ab0], sa_mask[0]=00100000000000000000000000000000, sa_flags=SA_RESTART|SA_SIGINFO
SIGHUP: [libjvm.so+0x91aeb0], sa_mask[0]=11111111011111111101111111111110, sa_flags=SA_RESTART|SA_SIGINFO
SIGINT: SIG_IGN, sa_mask[0]=00000000000000000000000000000000, sa_flags=none
SIGTERM: [libjvm.so+0x91aeb0], sa_mask[0]=11111111011111111101111111111110, sa_flags=SA_RESTART|SA_SIGINFO
SIGQUIT: [libjvm.so+0x91aeb0], sa_mask[0]=11111111011111111101111111111110, sa_flags=SA_RESTART|SA_SIGINFO


---------------  S Y S T E M  ---------------

OS:DISTRIB_ID=LinuxMint
DISTRIB_RELEASE=17.1
DISTRIB_CODENAME=rebecca
DISTRIB_DESCRIPTION="Linux Mint 17.1 Rebecca"

uname:Linux 3.13.0-37-generic #64-Ubuntu SMP Mon Sep 22 21:28:38 UTC 2014 x86_64
libc:glibc 2.19 NPTL 2.19 
rlimit: STACK 8192k, CORE 0k, NPROC 253022, NOFILE 4096, AS infinity
load average:8,56 5,27 3,41

/proc/meminfo:
MemTotal:       32639700 kB
MemFree:          153192 kB
Buffers:            2248 kB
Cached:           478176 kB
SwapCached:        96976 kB
Active:         29553492 kB
Inactive:        2318044 kB
Active(anon):   29546020 kB
Inactive(anon):  2310156 kB
Active(file):       7472 kB
Inactive(file):     7888 kB
Unevictable:          16 kB
Mlocked:              16 kB
SwapTotal:      15625212 kB
SwapFree:              4 kB
Dirty:               108 kB
Writeback:             0 kB
AnonPages:      31320744 kB
Mapped:            71076 kB
Shmem:            464496 kB
Slab:             112484 kB
SReclaimable:      61836 kB
SUnreclaim:        50648 kB
KernelStack:        8136 kB
PageTables:       268084 kB
NFS_Unstable:          0 kB
Bounce:                0 kB
WritebackTmp:          0 kB
CommitLimit:    31945060 kB
Committed_AS:   95431032 kB
VmallocTotal:   34359738367 kB
VmallocUsed:      412940 kB
VmallocChunk:   34359318612 kB
HardwareCorrupted:     0 kB
AnonHugePages:         0 kB
HugePages_Total:       0
HugePages_Free:        0
HugePages_Rsvd:        0
HugePages_Surp:        0
Hugepagesize:       2048 kB
DirectMap4k:      133152 kB
DirectMap2M:    11087872 kB
DirectMap1G:    22020096 kB


CPU:total 8 (4 cores per cpu, 2 threads per core) family 6 model 60 stepping 3, cmov, cx8, fxsr, mmx, sse, sse2, sse3, ssse3, sse4.1, sse4.2, popcnt, avx, avx2, aes, clmul, erms, lzcnt, ht, tsc, tscinvbit, bmi1, bmi2

/proc/cpuinfo:
processor	: 0
vendor_id	: GenuineIntel
cpu family	: 6
model		: 60
model name	: Intel(R) Core(TM) i7-4790K CPU @ 4.00GHz
stepping	: 3
microcode	: 0x1c
cpu MHz		: 3300.000
cache size	: 8192 KB
physical id	: 0
siblings	: 8
core id		: 0
cpu cores	: 4
apicid		: 0
initial apicid	: 0
fpu		: yes
fpu_exception	: yes
cpuid level	: 13
wp		: yes
flags		: fpu vme de pse tsc msr pae mce cx8 apic sep mtrr pge mca cmov pat pse36 clflush dts acpi mmx fxsr sse sse2 ss ht tm pbe syscall nx pdpe1gb rdtscp lm constant_tsc arch_perfmon pebs bts rep_good nopl xtopology nonstop_tsc aperfmperf eagerfpu pni pclmulqdq dtes64 monitor ds_cpl vmx est tm2 ssse3 fma cx16 xtpr pdcm pcid sse4_1 sse4_2 x2apic movbe popcnt tsc_deadline_timer aes xsave avx f16c rdrand lahf_lm abm ida arat xsaveopt pln pts dtherm tpr_shadow vnmi flexpriority ept vpid fsgsbase tsc_adjust bmi1 avx2 smep bmi2 erms invpcid
bogomips	: 8000.36
clflush size	: 64
cache_alignment	: 64
address sizes	: 39 bits physical, 48 bits virtual
power management:

processor	: 1
vendor_id	: GenuineIntel
cpu family	: 6
model		: 60
model name	: Intel(R) Core(TM) i7-4790K CPU @ 4.00GHz
stepping	: 3
microcode	: 0x1c
cpu MHz		: 4001.000
cache size	: 8192 KB
physical id	: 0
siblings	: 8
core id		: 1
cpu cores	: 4
apicid		: 2
initial apicid	: 2
fpu		: yes
fpu_exception	: yes
cpuid level	: 13
wp		: yes
flags		: fpu vme de pse tsc msr pae mce cx8 apic sep mtrr pge mca cmov pat pse36 clflush dts acpi mmx fxsr sse sse2 ss ht tm pbe syscall nx pdpe1gb rdtscp lm constant_tsc arch_perfmon pebs bts rep_good nopl xtopology nonstop_tsc aperfmperf eagerfpu pni pclmulqdq dtes64 monitor ds_cpl vmx est tm2 ssse3 fma cx16 xtpr pdcm pcid sse4_1 sse4_2 x2apic movbe popcnt tsc_deadline_timer aes xsave avx f16c rdrand lahf_lm abm ida arat xsaveopt pln pts dtherm tpr_shadow vnmi flexpriority ept vpid fsgsbase tsc_adjust bmi1 avx2 smep bmi2 erms invpcid
bogomips	: 8000.36
clflush size	: 64
cache_alignment	: 64
address sizes	: 39 bits physical, 48 bits virtual
power management:

processor	: 2
vendor_id	: GenuineIntel
cpu family	: 6
model		: 60
model name	: Intel(R) Core(TM) i7-4790K CPU @ 4.00GHz
stepping	: 3
microcode	: 0x1c
cpu MHz		: 800.000
cache size	: 8192 KB
physical id	: 0
siblings	: 8
core id		: 2
cpu cores	: 4
apicid		: 4
initial apicid	: 4
fpu		: yes
fpu_exception	: yes
cpuid level	: 13
wp		: yes
flags		: fpu vme de pse tsc msr pae mce cx8 apic sep mtrr pge mca cmov pat pse36 clflush dts acpi mmx fxsr sse sse2 ss ht tm pbe syscall nx pdpe1gb rdtscp lm constant_tsc arch_perfmon pebs bts rep_good nopl xtopology nonstop_tsc aperfmperf eagerfpu pni pclmulqdq dtes64 monitor ds_cpl vmx est tm2 ssse3 fma cx16 xtpr pdcm pcid sse4_1 sse4_2 x2apic movbe popcnt tsc_deadline_timer aes xsave avx f16c rdrand lahf_lm abm ida arat xsaveopt pln pts dtherm tpr_shadow vnmi flexpriority ept vpid fsgsbase tsc_adjust bmi1 avx2 smep bmi2 erms invpcid
bogomips	: 8000.36
clflush size	: 64
cache_alignment	: 64
address sizes	: 39 bits physical, 48 bits virtual
power management:

processor	: 3
vendor_id	: GenuineIntel
cpu family	: 6
model		: 60
model name	: Intel(R) Core(TM) i7-4790K CPU @ 4.00GHz
stepping	: 3
microcode	: 0x1c
cpu MHz		: 4001.000
cache size	: 8192 KB
physical id	: 0
siblings	: 8
core id		: 3
cpu cores	: 4
apicid		: 6
initial apicid	: 6
fpu		: yes
fpu_exception	: yes
cpuid level	: 13
wp		: yes
flags		: fpu vme de pse tsc msr pae mce cx8 apic sep mtrr pge mca cmov pat pse36 clflush dts acpi mmx fxsr sse sse2 ss ht tm pbe syscall nx pdpe1gb rdtscp lm constant_tsc arch_perfmon pebs bts rep_good nopl xtopology nonstop_tsc aperfmperf eagerfpu pni pclmulqdq dtes64 monitor ds_cpl vmx est tm2 ssse3 fma cx16 xtpr pdcm pcid sse4_1 sse4_2 x2apic movbe popcnt tsc_deadline_timer aes xsave avx f16c rdrand lahf_lm abm ida arat xsaveopt pln pts dtherm tpr_shadow vnmi flexpriority ept vpid fsgsbase tsc_adjust bmi1 avx2 smep bmi2 erms invpcid
bogomips	: 8000.36
clflush size	: 64
cache_alignment	: 64
address sizes	: 39 bits physical, 48 bits virtual
power management:

processor	: 4
vendor_id	: GenuineIntel
cpu family	: 6
model		: 60
model name	: Intel(R) Core(TM) i7-4790K CPU @ 4.00GHz
stepping	: 3
microcode	: 0x1c
cpu MHz		: 3800.000
cache size	: 8192 KB
physical id	: 0
siblings	: 8
core id		: 0
cpu cores	: 4
apicid		: 1
initial apicid	: 1
fpu		: yes
fpu_exception	: yes
cpuid level	: 13
wp		: yes
flags		: fpu vme de pse tsc msr pae mce cx8 apic sep mtrr pge mca cmov pat pse36 clflush dts acpi mmx fxsr sse sse2 ss ht tm pbe syscall nx pdpe1gb rdtscp lm constant_tsc arch_perfmon pebs bts rep_good nopl xtopology nonstop_tsc aperfmperf eagerfpu pni pclmulqdq dtes64 monitor ds_cpl vmx est tm2 ssse3 fma cx16 xtpr pdcm pcid sse4_1 sse4_2 x2apic movbe popcnt tsc_deadline_timer aes xsave avx f16c rdrand lahf_lm abm ida arat xsaveopt pln pts dtherm tpr_shadow vnmi flexpriority ept vpid fsgsbase tsc_adjust bmi1 avx2 smep bmi2 erms invpcid
bogomips	: 8000.36
clflush size	: 64
cache_alignment	: 64
address sizes	: 39 bits physical, 48 bits virtual
power management:

processor	: 5
vendor_id	: GenuineIntel
cpu family	: 6
model		: 60
model name	: Intel(R) Core(TM) i7-4790K CPU @ 4.00GHz
stepping	: 3
microcode	: 0x1c
cpu MHz		: 4001.000
cache size	: 8192 KB
physical id	: 0
siblings	: 8
core id		: 1
cpu cores	: 4
apicid		: 3
initial apicid	: 3
fpu		: yes
fpu_exception	: yes
cpuid level	: 13
wp		: yes
flags		: fpu vme de pse tsc msr pae mce cx8 apic sep mtrr pge mca cmov pat pse36 clflush dts acpi mmx fxsr sse sse2 ss ht tm pbe syscall nx pdpe1gb rdtscp lm constant_tsc arch_perfmon pebs bts rep_good nopl xtopology nonstop_tsc aperfmperf eagerfpu pni pclmulqdq dtes64 monitor ds_cpl vmx est tm2 ssse3 fma cx16 xtpr pdcm pcid sse4_1 sse4_2 x2apic movbe popcnt tsc_deadline_timer aes xsave avx f16c rdrand lahf_lm abm ida arat xsaveopt pln pts dtherm tpr_shadow vnmi flexpriority ept vpid fsgsbase tsc_adjust bmi1 avx2 smep bmi2 erms invpcid
bogomips	: 8000.36
clflush size	: 64
cache_alignment	: 64
address sizes	: 39 bits physical, 48 bits virtual
power management:

processor	: 6
vendor_id	: GenuineIntel
cpu family	: 6
model		: 60
model name	: Intel(R) Core(TM) i7-4790K CPU @ 4.00GHz
stepping	: 3
microcode	: 0x1c
cpu MHz		: 4001.000
cache size	: 8192 KB
physical id	: 0
siblings	: 8
core id		: 2
cpu cores	: 4
apicid		: 5
initial apicid	: 5
fpu		: yes
fpu_exception	: yes
cpuid level	: 13
wp		: yes
flags		: fpu vme de pse tsc msr pae mce cx8 apic sep mtrr pge mca cmov pat pse36 clflush dts acpi mmx fxsr sse sse2 ss ht tm pbe syscall nx pdpe1gb rdtscp lm constant_tsc arch_perfmon pebs bts rep_good nopl xtopology nonstop_tsc aperfmperf eagerfpu pni pclmulqdq dtes64 monitor ds_cpl vmx est tm2 ssse3 fma cx16 xtpr pdcm pcid sse4_1 sse4_2 x2apic movbe popcnt tsc_deadline_timer aes xsave avx f16c rdrand lahf_lm abm ida arat xsaveopt pln pts dtherm tpr_shadow vnmi flexpriority ept vpid fsgsbase tsc_adjust bmi1 avx2 smep bmi2 erms invpcid
bogomips	: 8000.36
clflush size	: 64
cache_alignment	: 64
address sizes	: 39 bits physical, 48 bits virtual
power management:

processor	: 7
vendor_id	: GenuineIntel
cpu family	: 6
model		: 60
model name	: Intel(R) Core(TM) i7-4790K CPU @ 4.00GHz
stepping	: 3
microcode	: 0x1c
cpu MHz		: 4001.000
cache size	: 8192 KB
physical id	: 0
siblings	: 8
core id		: 3
cpu cores	: 4
apicid		: 7
initial apicid	: 7
fpu		: yes
fpu_exception	: yes
cpuid level	: 13
wp		: yes
flags		: fpu vme de pse tsc msr pae mce cx8 apic sep mtrr pge mca cmov pat pse36 clflush dts acpi mmx fxsr sse sse2 ss ht tm pbe syscall nx pdpe1gb rdtscp lm constant_tsc arch_perfmon pebs bts rep_good nopl xtopology nonstop_tsc aperfmperf eagerfpu pni pclmulqdq dtes64 monitor ds_cpl vmx est tm2 ssse3 fma cx16 xtpr pdcm pcid sse4_1 sse4_2 x2apic movbe popcnt tsc_deadline_timer aes xsave avx f16c rdrand lahf_lm abm ida arat xsaveopt pln pts dtherm tpr_shadow vnmi flexpriority ept vpid fsgsbase tsc_adjust bmi1 avx2 smep bmi2 erms invpcid
bogomips	: 8000.36
clflush size	: 64
cache_alignment	: 64
address sizes	: 39 bits physical, 48 bits virtual
power management:



Memory: 4k page, physical 32639700k(153052k free), swap 15625212k(8k free)

vm_info: Java HotSpot(TM) 64-Bit Server VM (25.77-b03) for linux-amd64 JRE (1.8.0_77-b03), built on Mar 20 2016 22:00:46 by "java_re" with gcc 4.3.0 20080428 (Red Hat 4.3.0-8)

time: Fri Nov 25 15:04:34 2016
elapsed time: 10 seconds (0d 0h 0m 10s)

